--2013-07-27 16:03:47--  https://chart.googleapis.com/chart?chst=d_map_pin_letter_withshadow&chld=A%7CFF6666%7C000000
Resolving chart.googleapis.com... --2013-07-27 16:03:47--  https://chart.googleapis.com/chart?chst=d_map_pin_letter_withshadow&chld=B%7CFF6666%7C000000
Resolving chart.googleapis.com... --2013-07-27 16:03:47--  https://chart.googleapis.com/chart?chst=d_map_pin_letter_withshadow&chld=C%7CFF6666%7C000000
Resolving chart.googleapis.com... --2013-07-27 16:03:47--  https://chart.googleapis.com/chart?chst=d_map_pin_letter_withshadow&chld=D%7CFF6666%7C000000
Resolving chart.googleapis.com... --2013-07-27 16:03:47--  https://chart.googleapis.com/chart?chst=d_map_pin_letter_withshadow&chld=E%7CFF6666%7C000000
Resolving chart.googleapis.com... --2013-07-27 16:03:47--  https://chart.googleapis.com/chart?chst=d_map_pin_letter_withshadow&chld=F%7CFF6666%7C000000
Resolving chart.googleapis.com... --2013-07-27 16:03:47--  https://chart.googleapis.com/chart?chst=d_map_pin_letter_withshadow&chld=G%7CFF6666%7C000000
Resolving chart.googleapis.com... --2013-07-27 16:03:47--  https://chart.googleapis.com/chart?chst=d_map_pin_letter_withshadow&chld=H%7CFF6666%7C000000
Resolving chart.googleapis.com... --2013-07-27 16:03:47--  https://chart.googleapis.com/chart?chst=d_map_pin_letter_withshadow&chld=I%7CFF6666%7C000000
Resolving chart.googleapis.com... --2013-07-27 16:03:47--  https://chart.googleapis.com/chart?chst=d_map_pin_letter_withshadow&chld=J%7CFF6666%7C000000
Resolving chart.googleapis.com... --2013-07-27 16:03:47--  https://chart.googleapis.com/chart?chst=d_map_pin_letter_withshadow&chld=K%7CFF6666%7C000000
Resolving chart.googleapis.com... --2013-07-27 16:03:47--  https://chart.googleapis.com/chart?chst=d_map_pin_letter_withshadow&chld=L%7CFF6666%7C000000
Resolving chart.googleapis.com... --2013-07-27 16:03:47--  https://chart.googleapis.com/chart?chst=d_map_pin_letter_withshadow&chld=M%7CFF6666%7C000000
Resolving chart.googleapis.com... --2013-07-27 16:03:47--  https://chart.googleapis.com/chart?chst=d_map_pin_letter_withshadow&chld=N%7CFF6666%7C000000
Resolving chart.googleapis.com... --2013-07-27 16:03:47--  https://chart.googleapis.com/chart?chst=d_map_pin_letter_withshadow&chld=O%7CFF6666%7C000000
Resolving chart.googleapis.com... --2013-07-27 16:03:47--  https://chart.googleapis.com/chart?chst=d_map_pin_letter_withshadow&chld=P%7CFF6666%7C000000
Resolving chart.googleapis.com... --2013-07-27 16:03:47--  https://chart.googleapis.com/chart?chst=d_map_pin_letter_withshadow&chld=Q%7CFF6666%7C000000
Resolving chart.googleapis.com... --2013-07-27 16:03:47--  https://chart.googleapis.com/chart?chst=d_map_pin_letter_withshadow&chld=R%7CFF6666%7C000000
Resolving chart.googleapis.com... --2013-07-27 16:03:47--  https://chart.googleapis.com/chart?chst=d_map_pin_letter_withshadow&chld=S%7CFF6666%7C000000
Resolving chart.googleapis.com... --2013-07-27 16:03:47--  https://chart.googleapis.com/chart?chst=d_map_pin_letter_withshadow&chld=T%7CFF6666%7C000000
Resolving chart.googleapis.com... --2013-07-27 16:03:47--  https://chart.googleapis.com/chart?chst=d_map_pin_letter_withshadow&chld=U%7CFF6666%7C000000
Resolving chart.googleapis.com... --2013-07-27 16:03:47--  https://chart.googleapis.com/chart?chst=d_map_pin_letter_withshadow&chld=V%7CFF6666%7C000000
Resolving chart.googleapis.com... --2013-07-27 16:03:47--  https://chart.googleapis.com/chart?chst=d_map_pin_letter_withshadow&chld=W%7CFF6666%7C000000
Resolving chart.googleapis.com... --2013-07-27 16:03:47--  https://chart.googleapis.com/chart?chst=d_map_pin_letter_withshadow&chld=X%7CFF6666%7C000000
Resolving chart.googleapis.com... --2013-07-27 16:03:47--  https://chart.googleapis.com/chart?chst=d_map_pin_letter_withshadow&chld=Y%7CFF6666%7C000000
Resolving chart.googleapis.com... --2013-07-27 16:03:47--  https://chart.googleapis.com/chart?chst=d_map_pin_letter_withshadow&chld=Z%7CFF6666%7C000000
Resolving chart.googleapis.com... --2013-07-27 16:03:47--  https://chart.googleapis.com/chart?chst=d_map_pin_letter_withshadow&chld=0%7CFF6666%7C000000
Resolving chart.googleapis.com... --2013-07-27 16:03:47--  https://chart.googleapis.com/chart?chst=d_map_pin_letter_withshadow&chld=1%7CFF6666%7C000000
Resolving chart.googleapis.com... --2013-07-27 16:03:47--  https://chart.googleapis.com/chart?chst=d_map_pin_letter_withshadow&chld=2%7CFF6666%7C000000
Resolving chart.googleapis.com... --2013-07-27 16:03:47--  https://chart.googleapis.com/chart?chst=d_map_pin_letter_withshadow&chld=3%7CFF6666%7C000000
Resolving chart.googleapis.com... --2013-07-27 16:03:47--  https://chart.googleapis.com/chart?chst=d_map_pin_letter_withshadow&chld=4%7CFF6666%7C000000
Resolving chart.googleapis.com... --2013-07-27 16:03:47--  https://chart.googleapis.com/chart?chst=d_map_pin_letter_withshadow&chld=5%7CFF6666%7C000000
Resolving chart.googleapis.com... --2013-07-27 16:03:47--  https://chart.googleapis.com/chart?chst=d_map_pin_letter_withshadow&chld=6%7CFF6666%7C000000
Resolving chart.googleapis.com... --2013-07-27 16:03:47--  https://chart.googleapis.com/chart?chst=d_map_pin_letter_withshadow&chld=7%7CFF6666%7C000000
Resolving chart.googleapis.com... --2013-07-27 16:03:47--  https://chart.googleapis.com/chart?chst=d_map_pin_letter_withshadow&chld=8%7CFF6666%7C000000
Resolving chart.googleapis.com... --2013-07-27 16:03:47--  https://chart.googleapis.com/chart?chst=d_map_pin_letter_withshadow&chld=9%7CFF6666%7C000000
Resolving chart.googleapis.com... --2013-07-27 16:03:47--  https://chart.googleapis.com/chart?chst=d_map_pin_letter_withshadow&chld=%E2%88%AB%7CFF6666%7C000000
Resolving chart.googleapis.com... --2013-07-27 16:03:47--  https://chart.googleapis.com/chart?chst=d_map_pin_letter_withshadow&chld=@%7CFF6666%7C000000
Resolving chart.googleapis.com... --2013-07-27 16:03:47--  https://chart.googleapis.com/chart?chst=d_map_pin_letter_withshadow&chld=%C2%B5%7CFF6666%7C000000
Resolving chart.googleapis.com... --2013-07-27 16:03:47--  https://chart.googleapis.com/chart?chst=d_map_pin_letter_withshadow&chld=%C3%91%7CFF6666%7C000000
Resolving chart.googleapis.com... --2013-07-27 16:03:47--  https://chart.googleapis.com/chart?chst=d_map_pin_letter_withshadow&chld=$%7CFF6666%7C000000
Resolving chart.googleapis.com... --2013-07-27 16:03:47--  https://chart.googleapis.com/chart?chst=d_map_pin_letter_withshadow&chld=%25%7CFF6666%7C000000
Resolving chart.googleapis.com... 74.125.28.9574.125.28.9574.125.28.95, , 2607:f8b0:400e:c04::5f2607:f8b0:400e:c04::5f

Connecting to chart.googleapis.com|74.125.28.95|:443... Connecting to chart.googleapis.com|74.125.28.95|:443... 74.125.28.95, 2607:f8b0:400e:c04::5f
Connecting to chart.googleapis.com|74.125.28.95|:443... 74.125.28.95, 2607:f8b0:400e:c04::5f
Connecting to chart.googleapis.com|74.125.28.95|:443... 74.125.28.95, 2607:f8b0:400e:c04::5f
Connecting to chart.googleapis.com|74.125.28.95|:443... 74.125.28.95, 2607:f8b0:400e:c04::5f
Connecting to chart.googleapis.com|74.125.28.95|:443... 74.125.28.9574.125.28.95, , 2607:f8b0:400e:c04::5f2607:f8b0:400e:c04::5f

Connecting to chart.googleapis.com|74.125.28.95|:443... Connecting to chart.googleapis.com|74.125.28.95|:443... 74.125.28.95, 2607:f8b0:400e:c04::5f
Connecting to chart.googleapis.com|74.125.28.95|:443... 74.125.28.95, 2607:f8b0:400e:c04::5f
Connecting to chart.googleapis.com|74.125.28.95|:443... 74.125.28.95, 2607:f8b0:400e:c04::5f
Connecting to chart.googleapis.com|74.125.28.95|:443... 74.125.28.95, 2607:f8b0:400e:c04::5f
74.125.28.95, Connecting to chart.googleapis.com|74.125.28.95|:443... 2607:f8b0:400e:c04::5f
Connecting to chart.googleapis.com|74.125.28.95|:443... 74.125.28.95, 2607:f8b0:400e:c04::5f
74.125.28.95Connecting to chart.googleapis.com|74.125.28.95|:443... , 2607:f8b0:400e:c04::5f
Connecting to chart.googleapis.com|74.125.28.95|:443... 74.125.28.95, 2607:f8b0:400e:c04::5f
74.125.28.95, Connecting to chart.googleapis.com|74.125.28.95|:443... 2607:f8b0:400e:c04::5f
Connecting to chart.googleapis.com|74.125.28.95|:443... 74.125.28.9574.125.28.95, , 2607:f8b0:400e:c04::5f2607:f8b0:400e:c04::5f

Connecting to chart.googleapis.com|74.125.28.95|:443... Connecting to chart.googleapis.com|74.125.28.95|:443... 74.125.28.95, 2607:f8b0:400e:c04::5f
74.125.28.9574.125.28.95, Connecting to chart.googleapis.com|74.125.28.95|:443... 2607:f8b0:400e:c04::5f, 
2607:f8b0:400e:c04::5f
Connecting to chart.googleapis.com|74.125.28.95|:443... Connecting to chart.googleapis.com|74.125.28.95|:443... 74.125.28.95, 2607:f8b0:400e:c04::5f
Connecting to chart.googleapis.com|74.125.28.95|:443... 74.125.28.95, 2607:f8b0:400e:c04::5f
Connecting to chart.googleapis.com|74.125.28.95|:443... 74.125.28.95, 2607:f8b0:400e:c04::5f
Connecting to chart.googleapis.com|74.125.28.95|:443... 74.125.28.9574.125.28.95, , 2607:f8b0:400e:c04::5f2607:f8b0:400e:c04::5f

Connecting to chart.googleapis.com|74.125.28.95|:443... Connecting to chart.googleapis.com|74.125.28.95|:443... 74.125.28.95, 2607:f8b0:400e:c04::5f
Connecting to chart.googleapis.com|74.125.28.95|:443... 74.125.28.95, 2607:f8b0:400e:c04::5f
Connecting to chart.googleapis.com|74.125.28.95|:443... 74.125.28.95, 2607:f8b0:400e:c04::5f
Connecting to chart.googleapis.com|74.125.28.95|:443... 74.125.28.95, 2607:f8b0:400e:c04::5f
Connecting to chart.googleapis.com|74.125.28.95|:443... 74.125.28.95, 2607:f8b0:400e:c04::5f
Connecting to chart.googleapis.com|74.125.28.95|:443... 74.125.28.95, 2607:f8b0:400e:c04::5f
Connecting to chart.googleapis.com|74.125.28.95|:443... 74.125.28.95, 2607:f8b0:400e:c04::5f
Connecting to chart.googleapis.com|74.125.28.95|:443... 74.125.28.95, 2607:f8b0:400e:c04::5f
Connecting to chart.googleapis.com|74.125.28.95|:443... 74.125.28.95, , 2607:f8b0:400e:c04::5f2607:f8b0:400e:c04::5f

Connecting to chart.googleapis.com|74.125.28.95|:443... Connecting to chart.googleapis.com|74.125.28.95|:443... 74.125.28.95, 2607:f8b0:400e:c04::5f
Connecting to chart.googleapis.com|74.125.28.95|:443... 74.125.28.95, 2607:f8b0:400e:c04::5f
Connecting to chart.googleapis.com|74.125.28.95|:443... 74.125.28.95, 2607:f8b0:400e:c04::5f
Connecting to chart.googleapis.com|74.125.28.95|:443... 74.125.28.95, 2607:f8b0:400e:c04::5f
Connecting to chart.googleapis.com|74.125.28.95|:443... 74.125.28.95, 2607:f8b0:400e:c04::5f
Connecting to chart.googleapis.com|74.125.28.95|:443... --2013-07-27 16:03:47--  https://chart.googleapis.com/chart?chst=d_map_pin_letter_withshadow&chld=%26%7CFF6666%7C000000
Resolving chart.googleapis.com... 74.125.28.95, 2607:f8b0:400e:c04::5f
Connecting to chart.googleapis.com|74.125.28.95|:443... --2013-07-27 16:03:47--  https://chart.googleapis.com/chart?chst=d_map_pin_letter_withshadow&chld=*%7CFF6666%7C000000
Resolving chart.googleapis.com... 74.125.28.95, 2607:f8b0:400e:c04::5f
Connecting to chart.googleapis.com|74.125.28.95|:443... --2013-07-27 16:03:47--  https://chart.googleapis.com/chart?chst=d_map_pin_letter_withshadow&chld=%C2%A1%7CFF6666%7C000000
Resolving chart.googleapis.com... 74.125.28.95, 2607:f8b0:400e:c04::5f
Connecting to chart.googleapis.com|74.125.28.95|:443... --2013-07-27 16:03:47--  https://chart.googleapis.com/chart?chst=d_map_pin_letter_withshadow&chld=%C2%A3%7CFF6666%7C000000
Resolving chart.googleapis.com... 74.125.28.95, 2607:f8b0:400e:c04::5f
Connecting to chart.googleapis.com|74.125.28.95|:443... --2013-07-27 16:03:47--  https://chart.googleapis.com/chart?chst=d_map_pin_letter_withshadow&chld=%C2%A2%7CFF6666%7C000000
Resolving chart.googleapis.com... 74.125.28.95, 2607:f8b0:400e:c04::5f
Connecting to chart.googleapis.com|74.125.28.95|:443... --2013-07-27 16:03:47--  https://chart.googleapis.com/chart?chst=d_map_pin_letter_withshadow&chld=%E2%88%9E%7CFF6666%7C000000
Resolving chart.googleapis.com... 74.125.28.95, 2607:f8b0:400e:c04::5f
Connecting to chart.googleapis.com|74.125.28.95|:443... --2013-07-27 16:03:47--  https://chart.googleapis.com/chart?chst=d_map_pin_letter_withshadow&chld=%C2%A7%7CFF6666%7C000000
Resolving chart.googleapis.com... 74.125.28.95, 2607:f8b0:400e:c04::5f
Connecting to chart.googleapis.com|74.125.28.95|:443... --2013-07-27 16:03:47--  https://chart.googleapis.com/chart?chst=d_map_pin_letter_withshadow&chld=%C2%B6%7CFF6666%7C000000
Resolving chart.googleapis.com... 74.125.28.95, 2607:f8b0:400e:c04::5f
Connecting to chart.googleapis.com|74.125.28.95|:443... --2013-07-27 16:03:47--  https://chart.googleapis.com/chart?chst=d_map_pin_letter_withshadow&chld=%E2%80%A2%7CFF6666%7C000000
Resolving chart.googleapis.com... 74.125.28.95, 2607:f8b0:400e:c04::5f
Connecting to chart.googleapis.com|74.125.28.95|:443... --2013-07-27 16:03:47--  https://chart.googleapis.com/chart?chst=d_map_pin_letter_withshadow&chld=%C5%93%7CFF6666%7C000000
Resolving chart.googleapis.com... 74.125.28.95, 2607:f8b0:400e:c04::5f
Connecting to chart.googleapis.com|74.125.28.95|:443... --2013-07-27 16:03:47--  https://chart.googleapis.com/chart?chst=d_map_pin_letter_withshadow&chld=%E2%88%91%7CFF6666%7C000000
Resolving chart.googleapis.com... 74.125.28.95, 2607:f8b0:400e:c04::5f
Connecting to chart.googleapis.com|74.125.28.95|:443... --2013-07-27 16:03:47--  https://chart.googleapis.com/chart?chst=d_map_pin_letter_withshadow&chld=%C3%A5%7CFF6666%7C000000
Resolving chart.googleapis.com... 74.125.28.95, 2607:f8b0:400e:c04::5f
Connecting to chart.googleapis.com|74.125.28.95|:443... --2013-07-27 16:03:47--  https://chart.googleapis.com/chart?chst=d_map_pin_letter_withshadow&chld=%C3%9F%7CFF6666%7C000000
Resolving chart.googleapis.com... 74.125.28.95, 2607:f8b0:400e:c04::5f
Connecting to chart.googleapis.com|74.125.28.95|:443... --2013-07-27 16:03:47--  https://chart.googleapis.com/chart?chst=d_map_pin_letter_withshadow&chld=%E2%88%82%7CFF6666%7C000000
Resolving chart.googleapis.com... 74.125.28.95, 2607:f8b0:400e:c04::5f
Connecting to chart.googleapis.com|74.125.28.95|:443... connected.
connected.
connected.
connected.
connected.
connected.
connected.
connected.
connected.
connected.
connected.
connected.
connected.
connected.
connected.
connected.
connected.
connected.
connected.
connected.
connected.
connected.
connected.
connected.
connected.
connected.
connected.
connected.
connected.
connected.
connected.
connected.
connected.
connected.
connected.
connected.
connected.
connected.
connected.
connected.
connected.
connected.
connected.
connected.
connected.
connected.
connected.
connected.
connected.
connected.
connected.
connected.
connected.
connected.
connected.
connected.
--2013-07-27 16:03:48--  https://chart.googleapis.com/chart?chst=d_map_pin_letter_withshadow&chld=%C6%92%7CFF6666%7C000000
Resolving chart.googleapis.com... 74.125.28.95, 2607:f8b0:400e:c04::5f
Connecting to chart.googleapis.com|74.125.28.95|:443... connected.
HTTP request sent, awaiting response... HTTP request sent, awaiting response... HTTP request sent, awaiting response... HTTP request sent, awaiting response... HTTP request sent, awaiting response... HTTP request sent, awaiting response... HTTP request sent, awaiting response... HTTP request sent, awaiting response... HTTP request sent, awaiting response... HTTP request sent, awaiting response... HTTP request sent, awaiting response... HTTP request sent, awaiting response... HTTP request sent, awaiting response... HTTP request sent, awaiting response... HTTP request sent, awaiting response... HTTP request sent, awaiting response... HTTP request sent, awaiting response... HTTP request sent, awaiting response... HTTP request sent, awaiting response... HTTP request sent, awaiting response... HTTP request sent, awaiting response... HTTP request sent, awaiting response... HTTP request sent, awaiting response... HTTP request sent, awaiting response... HTTP request sent, awaiting response... HTTP request sent, awaiting response... HTTP request sent, awaiting response... HTTP request sent, awaiting response... HTTP request sent, awaiting response... HTTP request sent, awaiting response... HTTP request sent, awaiting response... HTTP request sent, awaiting response... HTTP request sent, awaiting response... HTTP request sent, awaiting response... HTTP request sent, awaiting response... HTTP request sent, awaiting response... HTTP request sent, awaiting response... HTTP request sent, awaiting response... HTTP request sent, awaiting response... HTTP request sent, awaiting response... HTTP request sent, awaiting response... HTTP request sent, awaiting response... HTTP request sent, awaiting response... HTTP request sent, awaiting response... HTTP request sent, awaiting response... HTTP request sent, awaiting response... HTTP request sent, awaiting response... HTTP request sent, awaiting response... HTTP request sent, awaiting response... HTTP request sent, awaiting response... HTTP request sent, awaiting response... HTTP request sent, awaiting response... HTTP request sent, awaiting response... HTTP request sent, awaiting response... HTTP request sent, awaiting response... HTTP request sent, awaiting response... 200 OK
Length: 1377 (1.3K) [image/png]
Saving to: `icon_19.png'

     0K .                                                     100% 1.82M=0.001s

2013-07-27 16:03:51 (1.82 MB/s) - `icon_19.png' saved [1377/1377]

200 OK
Length: 1561 (1.5K) [image/png]
Saving to: `icon_1.png'

     0K .                                                     100% 2.20M=0.001s

2013-07-27 16:03:51 (2.20 MB/s) - `icon_1.png' saved [1561/1561]

200 OK
Length: 1422 (1.4K) [image/png]
Saving to: `icon_7.png'

     0K .                                                     100% 28.9M=0s

2013-07-27 16:03:51 (28.9 MB/s) - `icon_7.png' saved [1422/1422]

200 OK
Length: 1450 (1.4K) [image/png]
Saving to: `icon_4.png'

     0K .                                                     100% 33.7M=0s

2013-07-27 16:03:51 (33.7 MB/s) - `icon_4.png' saved [1450/1450]

200 OK
Length: 1424 (1.4K) [image/png]
Saving to: `icon_9.png'

     0K .                                                     100% 25.1M=0s

2013-07-27 16:03:51 (25.1 MB/s) - `icon_9.png' saved [1424/1424]

200 OK
Length: 1418 (1.4K) [image/png]
Saving to: `icon_5.png'

     0K .                                                     100% 43.6M=0s

2013-07-27 16:03:51 (43.6 MB/s) - `icon_5.png' saved [1418/1418]

200 OK
Length: 1500 (1.5K) [image/png]
Saving to: `icon_24.png'

     0K .                                                     100% 36.7M=0s

2013-07-27 16:03:51 (36.7 MB/s) - `icon_24.png' saved [1500/1500]

200 OK
Length: 1516 (1.5K) [image/png]
Saving to: `icon_17.png'

     0K .                                                     100% 42.5M=0s

2013-07-27 16:03:51 (42.5 MB/s) - `icon_17.png' saved [1516/1516]

200 OK
Length: 1527 (1.5K) [image/png]
Saving to: `icon_10.png'

     0K .                                                     100% 13.7M=0s

2013-07-27 16:03:51 (13.7 MB/s) - `icon_10.png' saved [1527/1527]

200 OK
Length: 1615 (1.6K) [image/png]
Saving to: `icon_22.png'

     0K .                                                     100% 2.86M=0.001s

2013-07-27 16:03:51 (2.86 MB/s) - `icon_22.png' saved [1615/1615]

200 OK
Length: 1633 (1.6K) [image/png]
Saving to: `icon_14.png'

     0K .                                                     100% 4.85M=0s

2013-07-27 16:03:51 (4.85 MB/s) - `icon_14.png' saved [1633/1633]

200 OK
Length: 1356 (1.3K) [image/png]
Saving to: `icon_8.png'

     0K .                                                     100% 29.4M=0s

2013-07-27 16:03:51 (29.4 MB/s) - `icon_8.png' saved [1356/1356]

200 OK
Length: 1655 (1.6K) [image/png]
Saving to: `icon_16.png'

     0K .                                                     100% 35.9M=0s

2013-07-27 16:03:51 (35.9 MB/s) - `icon_16.png' saved [1655/1655]

200 OK
Length: 1389 (1.4K) [image/png]
Saving to: `icon_11.png'

     0K .                                                     100% 40.1M=0s

2013-07-27 16:03:51 (40.1 MB/s) - `icon_11.png' saved [1389/1389]

200 OK
Length: 1443 (1.4K) [image/png]
Saving to: `icon_20.png'

     0K .                                                     100% 33.6M=0s

2013-07-27 16:03:51 (33.6 MB/s) - `icon_20.png' saved [1443/1443]

200 OK
Length: 1508 (1.5K) [image/png]
Saving to: `icon_25.png'

     0K .                                                     100% 2.86M=0.001s

2013-07-27 16:03:51 (2.86 MB/s) - `icon_25.png' saved [1508/1508]

200 OK
Length: 1478 (1.4K) [image/png]
Saving to: `icon_15.png'

     0K .                                                     100% 36.1M=0s

2013-07-27 16:03:51 (36.1 MB/s) - `icon_15.png' saved [1478/1478]

200 OK
Length: 1632 (1.6K) [image/png]
Saving to: `icon_18.png'

     0K .                                                     100% 10.3M=0s

2013-07-27 16:03:52 (10.3 MB/s) - `icon_18.png' saved [1632/1632]

200 OK
Length: 1521 (1.5K) [image/png]
Saving to: `icon_12.png'

     0K .                                                     100% 37.2M=0s

2013-07-27 16:03:52 (37.2 MB/s) - `icon_12.png' saved [1521/1521]

200 OK
Length: 1476 (1.4K) [image/png]
Saving to: `icon_13.png'

     0K .                                                     100% 2.75M=0.001s

2013-07-27 16:03:52 (2.75 MB/s) - `icon_13.png' saved [1476/1476]

200 OK
Length: 1542 (1.5K) [image/png]
Saving to: `icon_28.png'

     0K .                                                     100% 1.27M=0.001s

2013-07-27 16:03:52 (1.27 MB/s) - `icon_28.png' saved [1542/1542]

200 OK
Length: 1580 (1.5K) [image/png]
Saving to: `icon_23.png'

     0K .                                                     100% 45.7M=0s

2013-07-27 16:03:52 (45.7 MB/s) - `icon_23.png' saved [1580/1580]

200 OK
Length: 1562 (1.5K) [image/png]
Saving to: `icon_29.png'

     0K .                                                     100%  214K=0.007s

2013-07-27 16:03:52 (214 KB/s) - `icon_29.png' saved [1562/1562]

200 OK
Length: 1596 (1.6K) [image/png]
Saving to: `icon_34.png'

     0K .                                                     100% 2.14M=0.001s

2013-07-27 16:03:52 (2.14 MB/s) - `icon_34.png' saved [1596/1596]

200 OK
Length: 1586 (1.5K) [image/png]
Saving to: `icon_35.png'

     0K .                                                     100% 33.6M=0s

2013-07-27 16:03:52 (33.6 MB/s) - `icon_35.png' saved [1586/1586]

200 OK
Length: 1536 (1.5K) [image/png]
Saving to: `icon_26.png'

     0K .                                                     100% 1.40M=0.001s

2013-07-27 16:03:52 (1.40 MB/s) - `icon_26.png' saved [1536/1536]

200 OK
Length: 1510 (1.5K) [image/png]
Saving to: `icon_39.png'

     0K .                                                     100% 36.9M=0s

2013-07-27 16:03:52 (36.9 MB/s) - `icon_39.png' saved [1510/1510]

200 OK
Length: 1575 (1.5K) [image/png]
Saving to: `icon_2.png'

     0K .                                                     100% 32.7M=0s

2013-07-27 16:03:52 (32.7 MB/s) - `icon_2.png' saved [1575/1575]

200 OK
Length: 1560 (1.5K) [image/png]
Saving to: `icon_0.png'

     0K .                                                     100% 38.1M=0s

2013-07-27 16:03:52 (38.1 MB/s) - `icon_0.png' saved [1560/1560]

200 OK
Length: 1415 (1.4K) [image/png]
Saving to: `icon_36.png'

     0K .                                                     100% 43.5M=0s

2013-07-27 16:03:52 (43.5 MB/s) - `icon_36.png' saved [1415/1415]

200 OK
Length: 1478 (1.4K) [image/png]
Saving to: `icon_30.png'

     0K .                                                     100% 4.36M=0s

200 OK
Length: 1542 (1.5K) [image/png]
Saving to: `icon_21.png'
2013-07-27 16:03:52 (4.36 MB/s) - `icon_30.png' saved [1478/1478]


     0K .                                                     100% 1.95M=0.001s

2013-07-27 16:03:52 (1.95 MB/s) - `icon_21.png' saved [1542/1542]

200 OK
Length: 1603 (1.6K) [image/png]
Saving to: `icon_40.png'

     0K .                                                     100% 37.3M=0s

2013-07-27 16:03:52 (37.3 MB/s) - `icon_40.png' saved [1603/1603]

200 OK
Length: 1800 (1.8K) [image/png]
Saving to: `icon_37.png'

     0K .                                                     100% 35.8M=0s

2013-07-27 16:03:52 (35.8 MB/s) - `icon_37.png' saved [1800/1800]

200 OK
Length: 1496 (1.5K) [image/png]
Saving to: `icon_3.png'

     0K .                                                     100% 23.0M=0s

2013-07-27 16:03:52 (23.0 MB/s) - `icon_3.png' saved [1496/1496]

200 OK
Length: 1589 (1.6K) [image/png]
Saving to: `icon_32.png'

     0K .                                                     100% 41.0M=0s

2013-07-27 16:03:52 (41.0 MB/s) - `icon_32.png' saved [1589/1589]

200 OK
Length: 1625 (1.6K) [image/png]
Saving to: `icon_6.png'

     0K .                                                     100% 43.0M=0s

200 OK
Length: 1476 (1.4K)2013-07-27 16:03:52 (43.0 MB/s) - `icon_6.png' saved [1625/1625]

 [image/png]
Saving to: `icon_33.png'

     0K .                                                     100% 34.3M=0s

2013-07-27 16:03:52 (34.3 MB/s) - `icon_33.png' saved [1476/1476]

200 OK
Length: 1444 (1.4K) [image/png]
Saving to: `icon_38.png'

     0K .                                                     100% 8.10M=0s

2013-07-27 16:03:52 (8.10 MB/s) - `icon_38.png' saved [1444/1444]

200 OK
Length: 1377 (1.3K) [image/png]
Saving to: `icon_27.png'

     0K .                                                     100% 2.20M=0.001s

2013-07-27 16:03:52 (2.20 MB/s) - `icon_27.png' saved [1377/1377]

200 OK
Length: 1553 (1.5K) [image/png]
Saving to: `icon_31.png'

     0K .                                                     100% 31.5M=0s

2013-07-27 16:03:52 (31.5 MB/s) - `icon_31.png' saved [1553/1553]

200 OK
Length: 1642 (1.6K) [image/png]
Saving to: `icon_41.png'

     0K .                                                     100% 41.2M=0s

2013-07-27 16:03:52 (41.2 MB/s) - `icon_41.png' saved [1642/1642]

200 OK
Length: 1430 (1.4K) [image/png]
Saving to: `icon_43.png'

     0K .                                                     100%  135K=0.01s

2013-07-27 16:03:52 (135 KB/s) - `icon_43.png' saved [1430/1430]

200 OK
Length: 1583 (1.5K) [image/png]
Saving to: `icon_42.png'

     0K .                                                     100% 29.0M=0s

2013-07-27 16:03:52 (29.0 MB/s) - `icon_42.png' saved [1583/1583]

200 OK
Length: 1388 (1.4K) [image/png]
Saving to: `icon_44.png'

     0K .                                                     100%  150K=0.009s

2013-07-27 16:03:52 (150 KB/s) - `icon_44.png' saved [1388/1388]

200 OK
Length: 1405 (1.4K) [image/png]
Saving to: `icon_50.png'

     0K .                                                     100%  156K=0.009s

2013-07-27 16:03:52 (156 KB/s) - `icon_50.png' saved [1405/1405]

200 OK
Length: 1591 (1.6K) [image/png]
Saving to: `icon_45.png'

     0K .                                                     100% 32.3M=0s

2013-07-27 16:03:52 (32.3 MB/s) - `icon_45.png' saved [1591/1591]

200 OK
Length: 1541 (1.5K) [image/png]
Saving to: `icon_46.png'

     0K .                                                     100% 28.3M=0s

2013-07-27 16:03:52 (28.3 MB/s) - `icon_46.png' saved [1541/1541]

200 OK
Length: 1633 (1.6K) [image/png]
Saving to: `icon_48.png'

     0K .                                                     100% 53.7M=0s

2013-07-27 16:03:52 (53.7 MB/s) - `icon_48.png' saved [1633/1633]

200 OK
Length: 1525 (1.5K) [image/png]
Saving to: `icon_47.png'

     0K .                                                     100% 3.40M=0s

2013-07-27 16:03:52 (3.40 MB/s) - `icon_47.png' saved [1525/1525]

200 OK
Length: 1463 (1.4K) [image/png]
Saving to: `icon_49.png'

     0K .                                                     100% 27.4M=0s

2013-07-27 16:03:52 (27.4 MB/s) - `icon_49.png' saved [1463/1463]

200 OK
Length: 1564 (1.5K) [image/png]
Saving to: `icon_53.png'

     0K .                                                     100% 2.09M=0.001s

2013-07-27 16:03:52 (2.09 MB/s) - `icon_53.png' saved [1564/1564]

200 OK
Length: 1532 (1.5K) [image/png]
Saving to: `icon_52.png'

     0K .                                                     100% 37.5M=0s

2013-07-27 16:03:52 (37.5 MB/s) - `icon_52.png' saved [1532/1532]

200 OK
Length: 1649 (1.6K) [image/png]
Saving to: `icon_51.png'

     0K .                                                     100% 17.7M=0s

200 OK
Length: 1544 (1.5K) [image/png]
Saving to: `icon_54.png'
2013-07-27 16:03:52 (17.7 MB/s) - `icon_51.png' saved [1649/1649]


     0K .                                                     100% 1.72M=0.001s

2013-07-27 16:03:52 (1.72 MB/s) - `icon_54.png' saved [1544/1544]

200 OK
Length: 1579 (1.5K) [image/png]
Saving to: `icon_55.png'

     0K .                                                     100% 2.66M=0.001s

2013-07-27 16:03:52 (2.66 MB/s) - `icon_55.png' saved [1579/1579]

HTTP request sent, awaiting response... 200 OK
Length: 1526 (1.5K) [image/png]
Saving to: `icon_56.png'

     0K .                                                     100% 19.1M=0s

2013-07-27 16:03:52 (19.1 MB/s) - `icon_56.png' saved [1526/1526]

