--2013-07-30 14:48:12--  https://chart.googleapis.com/chart?chst=d_map_pin_letter_withshadow&chld=A%7C66FF66%7C000000
Resolving chart.googleapis.com... 173.194.74.95, 2607:f8b0:400d:c02::5f
Connecting to chart.googleapis.com|173.194.74.95|:443... --2013-07-30 14:48:12--  https://chart.googleapis.com/chart?chst=d_map_pin_letter_withshadow&chld=B%7C66FF66%7C000000
Resolving chart.googleapis.com... 173.194.74.95, 2607:f8b0:400d:c02::5f
Connecting to chart.googleapis.com|173.194.74.95|:443... --2013-07-30 14:48:12--  https://chart.googleapis.com/chart?chst=d_map_pin_letter_withshadow&chld=C%7C66FF66%7C000000
Resolving chart.googleapis.com... 173.194.74.95, 2607:f8b0:400d:c02::5f
Connecting to chart.googleapis.com|173.194.74.95|:443... --2013-07-30 14:48:12--  https://chart.googleapis.com/chart?chst=d_map_pin_letter_withshadow&chld=D%7C66FF66%7C000000
Resolving chart.googleapis.com... 173.194.74.95, 2607:f8b0:400d:c02::5f
Connecting to chart.googleapis.com|173.194.74.95|:443... --2013-07-30 14:48:12--  https://chart.googleapis.com/chart?chst=d_map_pin_letter_withshadow&chld=E%7C66FF66%7C000000
Resolving chart.googleapis.com... 173.194.74.95, 2607:f8b0:400d:c02::5f
Connecting to chart.googleapis.com|173.194.74.95|:443... --2013-07-30 14:48:12--  https://chart.googleapis.com/chart?chst=d_map_pin_letter_withshadow&chld=F%7C66FF66%7C000000
Resolving chart.googleapis.com... 173.194.74.95, 2607:f8b0:400d:c02::5f
Connecting to chart.googleapis.com|173.194.74.95|:443... --2013-07-30 14:48:12--  https://chart.googleapis.com/chart?chst=d_map_pin_letter_withshadow&chld=G%7C66FF66%7C000000
Resolving chart.googleapis.com... 173.194.74.95, 2607:f8b0:400d:c02::5f
Connecting to chart.googleapis.com|173.194.74.95|:443... --2013-07-30 14:48:12--  https://chart.googleapis.com/chart?chst=d_map_pin_letter_withshadow&chld=H%7C66FF66%7C000000
Resolving chart.googleapis.com... 173.194.74.95, 2607:f8b0:400d:c02::5f
Connecting to chart.googleapis.com|173.194.74.95|:443... --2013-07-30 14:48:12--  https://chart.googleapis.com/chart?chst=d_map_pin_letter_withshadow&chld=I%7C66FF66%7C000000
Resolving chart.googleapis.com... 173.194.74.95, 2607:f8b0:400d:c02::5f
Connecting to chart.googleapis.com|173.194.74.95|:443... --2013-07-30 14:48:12--  https://chart.googleapis.com/chart?chst=d_map_pin_letter_withshadow&chld=J%7C66FF66%7C000000
Resolving chart.googleapis.com... 173.194.74.95, 2607:f8b0:400d:c02::5f
Connecting to chart.googleapis.com|173.194.74.95|:443... --2013-07-30 14:48:12--  https://chart.googleapis.com/chart?chst=d_map_pin_letter_withshadow&chld=K%7C66FF66%7C000000
Resolving chart.googleapis.com... 173.194.74.95, 2607:f8b0:400d:c02::5f
Connecting to chart.googleapis.com|173.194.74.95|:443... --2013-07-30 14:48:12--  https://chart.googleapis.com/chart?chst=d_map_pin_letter_withshadow&chld=L%7C66FF66%7C000000
Resolving chart.googleapis.com... 173.194.74.95, 2607:f8b0:400d:c02::5f
Connecting to chart.googleapis.com|173.194.74.95|:443... --2013-07-30 14:48:12--  https://chart.googleapis.com/chart?chst=d_map_pin_letter_withshadow&chld=M%7C66FF66%7C000000
Resolving chart.googleapis.com... 173.194.74.95, 2607:f8b0:400d:c02::5f
Connecting to chart.googleapis.com|173.194.74.95|:443... --2013-07-30 14:48:12--  https://chart.googleapis.com/chart?chst=d_map_pin_letter_withshadow&chld=N%7C66FF66%7C000000
Resolving chart.googleapis.com... 173.194.74.95, 2607:f8b0:400d:c02::5f
Connecting to chart.googleapis.com|173.194.74.95|:443... --2013-07-30 14:48:12--  https://chart.googleapis.com/chart?chst=d_map_pin_letter_withshadow&chld=O%7C66FF66%7C000000
Resolving chart.googleapis.com... 173.194.74.95, 2607:f8b0:400d:c02::5f
Connecting to chart.googleapis.com|173.194.74.95|:443... --2013-07-30 14:48:12--  https://chart.googleapis.com/chart?chst=d_map_pin_letter_withshadow&chld=P%7C66FF66%7C000000
Resolving chart.googleapis.com... 173.194.74.95, 2607:f8b0:400d:c02::5f
Connecting to chart.googleapis.com|173.194.74.95|:443... --2013-07-30 14:48:12--  https://chart.googleapis.com/chart?chst=d_map_pin_letter_withshadow&chld=Q%7C66FF66%7C000000
Resolving chart.googleapis.com... 173.194.74.95, 2607:f8b0:400d:c02::5f
Connecting to chart.googleapis.com|173.194.74.95|:443... --2013-07-30 14:48:12--  https://chart.googleapis.com/chart?chst=d_map_pin_letter_withshadow&chld=R%7C66FF66%7C000000
Resolving chart.googleapis.com... 173.194.74.95, 2607:f8b0:400d:c02::5f
Connecting to chart.googleapis.com|173.194.74.95|:443... --2013-07-30 14:48:12--  https://chart.googleapis.com/chart?chst=d_map_pin_letter_withshadow&chld=S%7C66FF66%7C000000
Resolving chart.googleapis.com... 173.194.74.95, 2607:f8b0:400d:c02::5f
Connecting to chart.googleapis.com|173.194.74.95|:443... --2013-07-30 14:48:12--  https://chart.googleapis.com/chart?chst=d_map_pin_letter_withshadow&chld=T%7C66FF66%7C000000
Resolving chart.googleapis.com... 173.194.74.95, 2607:f8b0:400d:c02::5f
Connecting to chart.googleapis.com|173.194.74.95|:443... --2013-07-30 14:48:12--  https://chart.googleapis.com/chart?chst=d_map_pin_letter_withshadow&chld=U%7C66FF66%7C000000
Resolving chart.googleapis.com... 173.194.74.95, 2607:f8b0:400d:c02::5f
Connecting to chart.googleapis.com|173.194.74.95|:443... --2013-07-30 14:48:12--  https://chart.googleapis.com/chart?chst=d_map_pin_letter_withshadow&chld=V%7C66FF66%7C000000
Resolving chart.googleapis.com... 173.194.74.95, 2607:f8b0:400d:c02::5f
Connecting to chart.googleapis.com|173.194.74.95|:443... --2013-07-30 14:48:12--  https://chart.googleapis.com/chart?chst=d_map_pin_letter_withshadow&chld=W%7C66FF66%7C000000
Resolving chart.googleapis.com... 173.194.74.95, 2607:f8b0:400d:c02::5f
Connecting to chart.googleapis.com|173.194.74.95|:443... --2013-07-30 14:48:12--  https://chart.googleapis.com/chart?chst=d_map_pin_letter_withshadow&chld=X%7C66FF66%7C000000
Resolving chart.googleapis.com... 173.194.74.95, 2607:f8b0:400d:c02::5f
Connecting to chart.googleapis.com|173.194.74.95|:443... --2013-07-30 14:48:12--  https://chart.googleapis.com/chart?chst=d_map_pin_letter_withshadow&chld=Y%7C66FF66%7C000000
Resolving chart.googleapis.com... 173.194.74.95, 2607:f8b0:400d:c02::5f
Connecting to chart.googleapis.com|173.194.74.95|:443... connected.
connected.
connected.
connected.
connected.
--2013-07-30 14:48:12--  https://chart.googleapis.com/chart?chst=d_map_pin_letter_withshadow&chld=Z%7C66FF66%7C000000
Resolving chart.googleapis.com... 173.194.74.95, 2607:f8b0:400d:c02::5f
Connecting to chart.googleapis.com|173.194.74.95|:443... --2013-07-30 14:48:12--  https://chart.googleapis.com/chart?chst=d_map_pin_letter_withshadow&chld=0%7C66FF66%7C000000
connected.
Resolving chart.googleapis.com... 173.194.74.95, 2607:f8b0:400d:c02::5f
Connecting to chart.googleapis.com|173.194.74.95|:443... --2013-07-30 14:48:12--  https://chart.googleapis.com/chart?chst=d_map_pin_letter_withshadow&chld=1%7C66FF66%7C000000
Resolving chart.googleapis.com... 173.194.74.95, 2607:f8b0:400d:c02::5f
Connecting to chart.googleapis.com|173.194.74.95|:443... --2013-07-30 14:48:12--  https://chart.googleapis.com/chart?chst=d_map_pin_letter_withshadow&chld=2%7C66FF66%7C000000
Resolving chart.googleapis.com... 173.194.74.95, 2607:f8b0:400d:c02::5f
Connecting to chart.googleapis.com|173.194.74.95|:443... --2013-07-30 14:48:12--  https://chart.googleapis.com/chart?chst=d_map_pin_letter_withshadow&chld=3%7C66FF66%7C000000
Resolving chart.googleapis.com... 173.194.74.95, 2607:f8b0:400d:c02::5f
Connecting to chart.googleapis.com|173.194.74.95|:443... connected.
--2013-07-30 14:48:12--  https://chart.googleapis.com/chart?chst=d_map_pin_letter_withshadow&chld=4%7C66FF66%7C000000
Resolving chart.googleapis.com... 173.194.74.95, 2607:f8b0:400d:c02::5f
Connecting to chart.googleapis.com|173.194.74.95|:443... --2013-07-30 14:48:12--  https://chart.googleapis.com/chart?chst=d_map_pin_letter_withshadow&chld=5%7C66FF66%7C000000
Resolving chart.googleapis.com... 173.194.74.95, 2607:f8b0:400d:c02::5f
Connecting to chart.googleapis.com|173.194.74.95|:443... --2013-07-30 14:48:12--  https://chart.googleapis.com/chart?chst=d_map_pin_letter_withshadow&chld=6%7C66FF66%7C000000
Resolving chart.googleapis.com... 173.194.74.95, 2607:f8b0:400d:c02::5f
Connecting to chart.googleapis.com|173.194.74.95|:443... --2013-07-30 14:48:12--  https://chart.googleapis.com/chart?chst=d_map_pin_letter_withshadow&chld=7%7C66FF66%7C000000
Resolving chart.googleapis.com... 173.194.74.95, 2607:f8b0:400d:c02::5f
Connecting to chart.googleapis.com|173.194.74.95|:443... connected.
connected.
connected.
connected.
connected.
--2013-07-30 14:48:12--  https://chart.googleapis.com/chart?chst=d_map_pin_letter_withshadow&chld=8%7C66FF66%7C000000
Resolving chart.googleapis.com... 173.194.74.95, 2607:f8b0:400d:c02::5f
Connecting to chart.googleapis.com|173.194.74.95|:443... connected.
connected.
--2013-07-30 14:48:12--  https://chart.googleapis.com/chart?chst=d_map_pin_letter_withshadow&chld=9%7C66FF66%7C000000
Resolving chart.googleapis.com... 173.194.74.95, 2607:f8b0:400d:c02::5f
Connecting to chart.googleapis.com|173.194.74.95|:443... --2013-07-30 14:48:12--  https://chart.googleapis.com/chart?chst=d_map_pin_letter_withshadow&chld=%E2%88%AB%7C66FF66%7C000000
Resolving chart.googleapis.com... 173.194.74.95, 2607:f8b0:400d:c02::5f
Connecting to chart.googleapis.com|173.194.74.95|:443... --2013-07-30 14:48:12--  https://chart.googleapis.com/chart?chst=d_map_pin_letter_withshadow&chld=@%7C66FF66%7C000000
Resolving chart.googleapis.com... 173.194.74.95, 2607:f8b0:400d:c02::5f
Connecting to chart.googleapis.com|173.194.74.95|:443... --2013-07-30 14:48:12--  https://chart.googleapis.com/chart?chst=d_map_pin_letter_withshadow&chld=%C2%B5%7C66FF66%7C000000
Resolving chart.googleapis.com... 173.194.74.95, 2607:f8b0:400d:c02::5f
Connecting to chart.googleapis.com|173.194.74.95|:443... connected.
--2013-07-30 14:48:12--  https://chart.googleapis.com/chart?chst=d_map_pin_letter_withshadow&chld=%C3%91%7C66FF66%7C000000
Resolving chart.googleapis.com... 173.194.74.95, 2607:f8b0:400d:c02::5f
Connecting to chart.googleapis.com|173.194.74.95|:443... --2013-07-30 14:48:12--  https://chart.googleapis.com/chart?chst=d_map_pin_letter_withshadow&chld=$%7C66FF66%7C000000
Resolving chart.googleapis.com... 173.194.74.95, 2607:f8b0:400d:c02::5f
Connecting to chart.googleapis.com|173.194.74.95|:443... --2013-07-30 14:48:12--  https://chart.googleapis.com/chart?chst=d_map_pin_letter_withshadow&chld=%25%7C66FF66%7C000000
Resolving chart.googleapis.com... 173.194.74.95, 2607:f8b0:400d:c02::5f
Connecting to chart.googleapis.com|173.194.74.95|:443... connected.
connected.
connected.
connected.
connected.
connected.
connected.
--2013-07-30 14:48:12--  https://chart.googleapis.com/chart?chst=d_map_pin_letter_withshadow&chld=%26%7C66FF66%7C000000
Resolving chart.googleapis.com... 173.194.74.95, 2607:f8b0:400d:c02::5f
Connecting to chart.googleapis.com|173.194.74.95|:443... --2013-07-30 14:48:12--  https://chart.googleapis.com/chart?chst=d_map_pin_letter_withshadow&chld=*%7C66FF66%7C000000
Resolving chart.googleapis.com... 173.194.74.95, 2607:f8b0:400d:c02::5f
Connecting to chart.googleapis.com|173.194.74.95|:443... --2013-07-30 14:48:12--  https://chart.googleapis.com/chart?chst=d_map_pin_letter_withshadow&chld=%C2%A1%7C66FF66%7C000000
Resolving chart.googleapis.com... 173.194.74.95, 2607:f8b0:400d:c02::5f
Connecting to chart.googleapis.com|173.194.74.95|:443... --2013-07-30 14:48:12--  https://chart.googleapis.com/chart?chst=d_map_pin_letter_withshadow&chld=%C2%A3%7C66FF66%7C000000
Resolving chart.googleapis.com... 173.194.74.95, 2607:f8b0:400d:c02::5f
Connecting to chart.googleapis.com|173.194.74.95|:443... --2013-07-30 14:48:12--  https://chart.googleapis.com/chart?chst=d_map_pin_letter_withshadow&chld=%C2%A2%7C66FF66%7C000000
Resolving chart.googleapis.com... 173.194.74.95, 2607:f8b0:400d:c02::5f
Connecting to chart.googleapis.com|173.194.74.95|:443... --2013-07-30 14:48:12--  https://chart.googleapis.com/chart?chst=d_map_pin_letter_withshadow&chld=%E2%88%9E%7C66FF66%7C000000
Resolving chart.googleapis.com... 173.194.74.95, 2607:f8b0:400d:c02::5f
Connecting to chart.googleapis.com|173.194.74.95|:443... --2013-07-30 14:48:12--  https://chart.googleapis.com/chart?chst=d_map_pin_letter_withshadow&chld=%C2%A7%7C66FF66%7C000000
Resolving chart.googleapis.com... 173.194.74.95, 2607:f8b0:400d:c02::5f
Connecting to chart.googleapis.com|173.194.74.95|:443... --2013-07-30 14:48:12--  https://chart.googleapis.com/chart?chst=d_map_pin_letter_withshadow&chld=%C2%B6%7C66FF66%7C000000
Resolving chart.googleapis.com... 173.194.74.95, 2607:f8b0:400d:c02::5f
Connecting to chart.googleapis.com|173.194.74.95|:443... --2013-07-30 14:48:12--  https://chart.googleapis.com/chart?chst=d_map_pin_letter_withshadow&chld=%E2%80%A2%7C66FF66%7C000000
Resolving chart.googleapis.com... 173.194.74.95, 2607:f8b0:400d:c02::5f
Connecting to chart.googleapis.com|173.194.74.95|:443... connected.
connected.
connected.
--2013-07-30 14:48:13--  https://chart.googleapis.com/chart?chst=d_map_pin_letter_withshadow&chld=%C5%93%7C66FF66%7C000000
Resolving chart.googleapis.com... 173.194.74.95, 2607:f8b0:400d:c02::5f
Connecting to chart.googleapis.com|173.194.74.95|:443... --2013-07-30 14:48:13--  https://chart.googleapis.com/chart?chst=d_map_pin_letter_withshadow&chld=%E2%88%91%7C66FF66%7C000000
Resolving chart.googleapis.com... 173.194.74.95, 2607:f8b0:400d:c02::5f
Connecting to chart.googleapis.com|173.194.74.95|:443... --2013-07-30 14:48:13--  https://chart.googleapis.com/chart?chst=d_map_pin_letter_withshadow&chld=%C3%A5%7C66FF66%7C000000
Resolving chart.googleapis.com... 173.194.74.95, 2607:f8b0:400d:c02::5f
Connecting to chart.googleapis.com|173.194.74.95|:443... --2013-07-30 14:48:13--  https://chart.googleapis.com/chart?chst=d_map_pin_letter_withshadow&chld=%C3%9F%7C66FF66%7C000000
Resolving chart.googleapis.com... 173.194.74.95, 2607:f8b0:400d:c02::5f
Connecting to chart.googleapis.com|173.194.74.95|:443... --2013-07-30 14:48:13--  https://chart.googleapis.com/chart?chst=d_map_pin_letter_withshadow&chld=%E2%88%82%7C66FF66%7C000000
Resolving chart.googleapis.com... 173.194.74.95, 2607:f8b0:400d:c02::5f
Connecting to chart.googleapis.com|173.194.74.95|:443... --2013-07-30 14:48:13--  https://chart.googleapis.com/chart?chst=d_map_pin_letter_withshadow&chld=%C6%92%7C66FF66%7C000000
Resolving chart.googleapis.com... 173.194.74.95, 2607:f8b0:400d:c02::5f
Connecting to chart.googleapis.com|173.194.74.95|:443... connected.
connected.
connected.
connected.
connected.
connected.
connected.
connected.
connected.
connected.
connected.
connected.
connected.
connected.
connected.
connected.
connected.
connected.
connected.
connected.
connected.
connected.
connected.
connected.
connected.
connected.
connected.
connected.
connected.
connected.
connected.
connected.
HTTP request sent, awaiting response... HTTP request sent, awaiting response... HTTP request sent, awaiting response... HTTP request sent, awaiting response... HTTP request sent, awaiting response... HTTP request sent, awaiting response... HTTP request sent, awaiting response... HTTP request sent, awaiting response... HTTP request sent, awaiting response... HTTP request sent, awaiting response... HTTP request sent, awaiting response... HTTP request sent, awaiting response... HTTP request sent, awaiting response... HTTP request sent, awaiting response... HTTP request sent, awaiting response... HTTP request sent, awaiting response... HTTP request sent, awaiting response... HTTP request sent, awaiting response... HTTP request sent, awaiting response... HTTP request sent, awaiting response... HTTP request sent, awaiting response... HTTP request sent, awaiting response... HTTP request sent, awaiting response... HTTP request sent, awaiting response... 200 OK
Length: 1565 (1.5K) [image/png]
Saving to: `icon_0.png'

     0K .           HTTP request sent, awaiting response...                                           100% 31.8M=0s

2013-07-30 14:48:16 (31.8 MB/s) - `icon_0.png' saved [1565/1565]

200 OK
Length: 1578 (1.5K) [image/png]
Saving to: `icon_2.png'

     0K .                                                     100%  157K=0.01s

2013-07-30 14:48:16 (157 KB/s) - `icon_2.png' saved [1578/1578]

200 OK
Length: 1421 (1.4K) [image/png]
Saving to: `icon_5.png'

     0K .                                                     100% 33.9M=0s

2013-07-30 14:48:16 (33.9 MB/s) - `icon_5.png' saved [1421/1421]

200 OK
Length: 1500 (1.5K) [image/png]
Saving to: `icon_3.png'

     0K .                                                     100% 32.5M=0s

2013-07-30 14:48:16 (32.5 MB/s) - `icon_3.png' saved [1500/1500]

200 OK
Length: 1627 (1.6K) [image/png]
Saving to: `icon_6.png'

     0K .                                                     100% 31.0M=0s

2013-07-30 14:48:16 (31.0 MB/s) - `icon_6.png' saved [1627/1627]

200 OK
Length: 1456 (1.4K) [image/png]
Saving to: `icon_4.png'

     0K .                                                     100% 30.2M=0s

2013-07-30 14:48:16 (30.2 MB/s) - `icon_4.png' saved [1456/1456]

200 OK
Length: 1358 (1.3K) [image/png]
Saving to: `icon_8.png'

     0K .                                                     100%  126K=0.01s

2013-07-30 14:48:16 (126 KB/s) - `icon_8.png' saved [1358/1358]

200 OK
Length: 1424 (1.4K) [image/png]
Saving to: `icon_7.png'

     0K .                                                     100% 34.0M=0s

2013-07-30 14:48:16 (34.0 MB/s) - `icon_7.png' saved [1424/1424]

200 OK
Length: 1562 (1.5K) [image/png]
Saving to: `icon_1.png'

     0K .                                                     100% 31.7M=0s

2013-07-30 14:48:16 (31.7 MB/s) - `icon_1.png' saved [1562/1562]

200 OK
Length: 1427 (1.4K) [image/png]
Saving to: `icon_9.png'
HTTP request sent, awaiting response... 
     0K .                                                     100% 34.0M=0s

2013-07-30 14:48:16 (34.0 MB/s) - `icon_9.png' saved [1427/1427]

HTTP request sent, awaiting response... HTTP request sent, awaiting response... HTTP request sent, awaiting response... HTTP request sent, awaiting response... 200 OK
Length: 1531 (1.5K) [image/png]
Saving to: `icon_10.png'

     0K .                                                     100% 17.6M=0s

2013-07-30 14:48:16 (17.6 MB/s) - `icon_10.png' saved [1531/1531]

HTTP request sent, awaiting response... HTTP request sent, awaiting response... HTTP request sent, awaiting response... HTTP request sent, awaiting response... HTTP request sent, awaiting response... HTTP request sent, awaiting response... HTTP request sent, awaiting response... HTTP request sent, awaiting response... HTTP request sent, awaiting response... HTTP request sent, awaiting response... HTTP request sent, awaiting response... HTTP request sent, awaiting response... HTTP request sent, awaiting response... HTTP request sent, awaiting response... HTTP request sent, awaiting response... HTTP request sent, awaiting response... HTTP request sent, awaiting response... HTTP request sent, awaiting response... HTTP request sent, awaiting response... HTTP request sent, awaiting response... HTTP request sent, awaiting response... HTTP request sent, awaiting response... HTTP request sent, awaiting response... HTTP request sent, awaiting response... HTTP request sent, awaiting response... HTTP request sent, awaiting response... HTTP request sent, awaiting response... 200 OK
200 OK
Length: Length: 14801391 (1.4K) (1.4K) [image/png]
 [image/png]
Saving to: `icon_13.png'
Saving to: `icon_11.png'

     0K .    
     0K   .                                                                                              100%  17.0M=0s 

    100% 14.1M=0s

2013-07-30 14:48:17 (14.1 MB/s) - `icon_13.png' saved [1480/1480]

2013-07-30 14:48:17 (17.0 MB/s) - `icon_11.png' saved [1391/1391]

200 OK
Length: 1525 (1.5K) [image/png]
Saving to: `icon_12.png'

     0K .                                                     100%  156K=0.01s

2013-07-30 14:48:17 (156 KB/s) - `icon_12.png' saved [1525/1525]

200 OK
Length: 1637 (1.6K) [image/png]
Saving to: `icon_14.png'

     0K .                                                     100% 20.0M=0s

2013-07-30 14:48:17 (20.0 MB/s) - `icon_14.png' saved [1637/1637]

200 OK
Length: 1482 (1.4K) [image/png]
Saving to: `icon_15.png'

     0K .                                                     100% 21.1M=0s

2013-07-30 14:48:17 (21.1 MB/s) - `icon_15.png' saved [1482/1482]

200 OK
Length: 1654 (1.6K) [image/png]
Saving to: `icon_16.png'

     0K .                                                     100% 23.5M=0s

2013-07-30 14:48:17 (23.5 MB/s) - `icon_16.png' saved [1654/1654]

200 OK
Length: 1517 (1.5K) [image/png]
Saving to: `icon_17.png'

     0K .                                                     100% 27.8M=0s

2013-07-30 14:48:17 (27.8 MB/s) - `icon_17.png' saved [1517/1517]

200 OK
200 OK
Length: Length: 13781635 (1.3K) (1.6K) [image/png]
 [image/png]
Saving to: `icon_19.png'
Saving to: `icon_18.png'

     0K .    
     0K   .                                                                                              100%   14.7M =0s 

  100% 9.59M=0s

2013-07-30 14:48:17 (9.59 MB/s) - `icon_19.png' saved [1378/1378]

2013-07-30 14:48:17 (14.7 MB/s) - `icon_18.png' saved [1635/1635]

200 OK
Length: 1448 (1.4K) [image/png]
Saving to: `icon_20.png'

     0K .                                                     100% 13.8M=0s

2013-07-30 14:48:17 (13.8 MB/s) - `icon_20.png' saved [1448/1448]

200 OK
Length: 1542 (1.5K) [image/png]
Saving to: `icon_21.png'

     0K .                                                     100% 18.2M=0s

2013-07-30 14:48:17 (18.2 MB/s) - `icon_21.png' saved [1542/1542]

200 OK
Length: 1585 (1.5K) [image/png]
Saving to: `icon_23.png'

     0K .                 200 OK
               Length:    1506       (1.5K)  [image/png]
  Saving to: `icon_24.png'
         100%  145K=0.01s

2013-07-30 14:48:17 (145 KB/s) - `icon_23.png' saved [1585/1585]


     0K .        200 OK
                 Length:    1615      (1.6K)  [image/png]
  Saving to: `icon_22.png'
                 100%  166K=0.009s

2013-07-30 14:48:17 (166 KB/s) - `icon_24.png' saved [1506/1506]


     0K .         200 OK
                 Length:    1595      (1.6K)  [image/png]
  Saving to: `icon_32.png'
                100%  157K=0.01s


     0K .                                                     100% 17.7M=0s

2013-07-30 14:48:17 (17.7 MB/s) - `icon_32.png' saved [1595/1595]

2013-07-30 14:48:17 (157 KB/s) - `icon_22.png' saved [1615/1615]

200 OK
Length: 1602 (1.6K) [image/png]
Saving to: `icon_34.png'

     0K .                  200 OK
               Length:   1419      (1.4K)  [image/png]
  Saving to: `icon_36.png'
          100%  155K=0.01s


     0K .                                                     100% 26.5M=0s

2013-07-30 14:48:17 (155 KB/s) - `icon_34.png' saved [1602/1602]

2013-07-30 14:48:17 (26.5 MB/s) - `icon_36.png' saved [1419/1419]

200 OK
Length: 1589 (1.6K) [image/png]
Saving to: `icon_35.png'

     0K .                                                     100% 34.4M=0s

2013-07-30 14:48:17 (34.4 MB/s) - `icon_35.png' saved [1589/1589]

200 OK
Length: 1479 (1.4K) [image/png]
Saving to: `icon_33.png'

     0K .                                                     100% 28.2M=0s

2013-07-30 14:48:17 (28.2 MB/s) - `icon_33.png' saved [1479/1479]

200 OK
Length: 1545 (1.5K) [image/png]
Saving to: `icon_28.png'

     0K .                                                     100% 29.5M=0s

2013-07-30 14:48:17 (29.5 MB/s) - `icon_28.png' saved [1545/1545]

200 OK
Length: 1566 (1.5K) [image/png]
Saving to: `icon_29.png'

     0K .                                                     100% 28.2M=0s

2013-07-30 14:48:17 (28.2 MB/s) - `icon_29.png' saved [1566/1566]

200 OK
Length: 1557 (1.5K) [image/png]
Saving to: `icon_31.png'

     0K .                                                     100% 32.3M=0s

2013-07-30 14:48:17 (32.3 MB/s) - `icon_31.png' saved [1557/1557]

200 OK
Length: 1804 (1.8K) [image/png]
Saving to: `icon_37.png'

     0K .                                                     100%  184K=0.01s

2013-07-30 14:48:17 (184 KB/s) - `icon_37.png' saved [1804/1804]

200 OK
Length: 1480 (1.4K) [image/png]
Saving to: `icon_30.png'

     0K .                                                     100% 31.4M=0s

2013-07-30 14:48:17 (31.4 MB/s) - `icon_30.png' saved [1480/1480]

200 OK
200 OK
Length: 1511 (1.5K) [image/png]
Length: Saving to: `icon_25.png'
1381 (1.3K) [image/png]
Saving to: `icon_27.png'

     0K .     
     0K   .                                                                                            100%   41.2M =0s 

   100% 41.2M=0s

2013-07-30 14:48:17 (41.2 MB/s) - `icon_25.png' saved [1511/1511]

2013-07-30 14:48:17 (41.2 MB/s) - `icon_27.png' saved [1381/1381]

200 OK
Length: 1539 (1.5K) [image/png]
Saving to: `icon_26.png'

     0K .                                                     100% 33.4M=0s

2013-07-30 14:48:17 (33.4 MB/s) - `icon_26.png' saved [1539/1539]

200 OK
Length: 1646 (1.6K) [image/png]
Saving to: `icon_41.png'

     0K .                                                     100% 38.3M=0s

2013-07-30 14:48:17 (38.3 MB/s) - `icon_41.png' saved [1646/1646]

200 OK
Length: 1447 (1.4K) [image/png]
Saving to: `icon_38.png'

     0K .                                                     100%  143K=0.01s

2013-07-30 14:48:17 (143 KB/s) - `icon_38.png' saved [1447/1447]

200 OK
Length: 1609 (1.6K) [image/png]
Saving to: `icon_40.png'

     0K .                                                     100% 32.0M=0s

2013-07-30 14:48:18 (32.0 MB/s) - `icon_40.png' saved [1609/1609]

200 OK
200 OK
Length: 1584 (1.5K)Length:  [image/png]
1516Saving to: `icon_42.png'
 (1.5K) [image/png]
Saving to: `icon_39.png'

     0K . 
     0K   .                                                                                                    100%   32.1M =0s100%

 34.4M=0s

2013-07-30 14:48:18 (32.1 MB/s) - `icon_42.png' saved [1584/1584]

2013-07-30 14:48:18 (34.4 MB/s) - `icon_39.png' saved [1516/1516]

200 OK
Length: 1432 (1.4K) [image/png]
Saving to: `icon_43.png'

     0K .                                                     100% 24.8M=0s

2013-07-30 14:48:18 (24.8 MB/s) - `icon_43.png' saved [1432/1432]

200 OK
Length: 1598 (1.6K) [image/png]
Saving to: `icon_45.png'

     0K .                                                     100% 35.4M=0s

2013-07-30 14:48:18 (35.4 MB/s) - `icon_45.png' saved [1598/1598]

200 OK
Length: 1544 (1.5K) [image/png]
Saving to: `icon_46.png'

     0K .                                                     100% 35.9M=0s

2013-07-30 14:48:18 (35.9 MB/s) - `icon_46.png' saved [1544/1544]

200 OK
Length: 1391 (1.4K) [image/png]
Saving to: `icon_44.png'

     0K .                                                     100% 17.0M=0s

2013-07-30 14:48:18 (17.0 MB/s) - `icon_44.png' saved [1391/1391]

200 OK
Length: 1638 (1.6K) [image/png]
Saving to: `icon_48.png'

     0K .                                                     100% 24.4M=0s

2013-07-30 14:48:18 (24.4 MB/s) - `icon_48.png' saved [1638/1638]

200 OK
Length: 1527 (1.5K) [image/png]
Saving to: `icon_47.png'

     0K .                                                     100% 28.0M=0s

2013-07-30 14:48:18 (28.0 MB/s) - `icon_47.png' saved [1527/1527]

200 OK
Length: 1465 (1.4K) [image/png]
Saving to: `icon_49.png'

     0K .                                                     100%  143K=0.01s

2013-07-30 14:48:18 (143 KB/s) - `icon_49.png' saved [1465/1465]

200 OK
Length: 1652 (1.6K) [image/png]
Saving to: `icon_51.png'

     0K .                                                     100% 34.2M=0s

2013-07-30 14:48:18 (34.2 MB/s) - `icon_51.png' saved [1652/1652]

200 OK
Length: 1411 (1.4K) [image/png]
Saving to: `icon_50.png'

     0K .                                                     100% 32.0M=0s

2013-07-30 14:48:18 (32.0 MB/s) - `icon_50.png' saved [1411/1411]

200 OK
Length: 1568 (1.5K) [image/png]
Saving to: `icon_53.png'

     0K .                                                     100% 20.8M=0s

2013-07-30 14:48:18 (20.8 MB/s) - `icon_53.png' saved [1568/1568]

200 OK
Length: 1533 (1.5K) [image/png]
Saving to: `icon_52.png'

     0K .                                                     100% 23.2M=0s

2013-07-30 14:48:18 (23.2 MB/s) - `icon_52.png' saved [1533/1533]

200 OK
Length: 1550 (1.5K) [image/png]
Saving to: `icon_54.png'

     0K .                                                     100%  154K=0.01s

2013-07-30 14:48:18 (154 KB/s) - `icon_54.png' saved [1550/1550]

200 OK
Length: 1528 (1.5K) [image/png]
Saving to: `icon_56.png'

     0K .                                                     100% 15.2M=0s

2013-07-30 14:48:18 (15.2 MB/s) - `icon_56.png' saved [1528/1528]

200 OK
Length: 1581 (1.5K) [image/png]
Saving to: `icon_55.png'

     0K .                                                     100%  171K=0.009s

2013-07-30 14:48:18 (171 KB/s) - `icon_55.png' saved [1581/1581]

