--2013-07-30 16:25:19--  https://chart.googleapis.com/chart?chst=d_map_pin_letter_withshadow&chld=A%7CEEEE88%7C000000
Resolving chart.googleapis.com... 173.194.74.95, 2607:f8b0:400d:c02::5f
Connecting to chart.googleapis.com|173.194.74.95|:443... --2013-07-30 16:25:19--  https://chart.googleapis.com/chart?chst=d_map_pin_letter_withshadow&chld=B%7CEEEE88%7C000000
Resolving chart.googleapis.com... 173.194.74.95, 2607:f8b0:400d:c02::5f
Connecting to chart.googleapis.com|173.194.74.95|:443... --2013-07-30 16:25:19--  https://chart.googleapis.com/chart?chst=d_map_pin_letter_withshadow&chld=C%7CEEEE88%7C000000
Resolving chart.googleapis.com... 173.194.74.95, 2607:f8b0:400d:c02::5f
Connecting to chart.googleapis.com|173.194.74.95|:443... --2013-07-30 16:25:19--  https://chart.googleapis.com/chart?chst=d_map_pin_letter_withshadow&chld=D%7CEEEE88%7C000000
Resolving chart.googleapis.com... 173.194.74.95, 2607:f8b0:400d:c02::5f
Connecting to chart.googleapis.com|173.194.74.95|:443... --2013-07-30 16:25:19--  https://chart.googleapis.com/chart?chst=d_map_pin_letter_withshadow&chld=E%7CEEEE88%7C000000
Resolving chart.googleapis.com... 173.194.74.95, 2607:f8b0:400d:c02::5f
Connecting to chart.googleapis.com|173.194.74.95|:443... --2013-07-30 16:25:19--  https://chart.googleapis.com/chart?chst=d_map_pin_letter_withshadow&chld=F%7CEEEE88%7C000000
Resolving chart.googleapis.com... 173.194.74.95, 2607:f8b0:400d:c02::5f
Connecting to chart.googleapis.com|173.194.74.95|:443... --2013-07-30 16:25:19--  https://chart.googleapis.com/chart?chst=d_map_pin_letter_withshadow&chld=G%7CEEEE88%7C000000
Resolving chart.googleapis.com... 173.194.74.95, 2607:f8b0:400d:c02::5f
Connecting to chart.googleapis.com|173.194.74.95|:443... --2013-07-30 16:25:19--  https://chart.googleapis.com/chart?chst=d_map_pin_letter_withshadow&chld=H%7CEEEE88%7C000000
Resolving chart.googleapis.com... 173.194.74.95, 2607:f8b0:400d:c02::5f
Connecting to chart.googleapis.com|173.194.74.95|:443... --2013-07-30 16:25:19--  https://chart.googleapis.com/chart?chst=d_map_pin_letter_withshadow&chld=I%7CEEEE88%7C000000
Resolving chart.googleapis.com... 173.194.74.95, 2607:f8b0:400d:c02::5f
Connecting to chart.googleapis.com|173.194.74.95|:443... --2013-07-30 16:25:19--  https://chart.googleapis.com/chart?chst=d_map_pin_letter_withshadow&chld=J%7CEEEE88%7C000000
Resolving chart.googleapis.com... 173.194.74.95, 2607:f8b0:400d:c02::5f
Connecting to chart.googleapis.com|173.194.74.95|:443... --2013-07-30 16:25:19--  https://chart.googleapis.com/chart?chst=d_map_pin_letter_withshadow&chld=K%7CEEEE88%7C000000
Resolving chart.googleapis.com... 173.194.74.95, 2607:f8b0:400d:c02::5f
Connecting to chart.googleapis.com|173.194.74.95|:443... --2013-07-30 16:25:19--  https://chart.googleapis.com/chart?chst=d_map_pin_letter_withshadow&chld=L%7CEEEE88%7C000000
Resolving chart.googleapis.com... 173.194.74.95, 2607:f8b0:400d:c02::5f
Connecting to chart.googleapis.com|173.194.74.95|:443... --2013-07-30 16:25:19--  https://chart.googleapis.com/chart?chst=d_map_pin_letter_withshadow&chld=M%7CEEEE88%7C000000
Resolving chart.googleapis.com... 173.194.74.95, 2607:f8b0:400d:c02::5f
Connecting to chart.googleapis.com|173.194.74.95|:443... --2013-07-30 16:25:19--  https://chart.googleapis.com/chart?chst=d_map_pin_letter_withshadow&chld=N%7CEEEE88%7C000000
Resolving chart.googleapis.com... 173.194.74.95, 2607:f8b0:400d:c02::5f
Connecting to chart.googleapis.com|173.194.74.95|:443... --2013-07-30 16:25:19--  https://chart.googleapis.com/chart?chst=d_map_pin_letter_withshadow&chld=O%7CEEEE88%7C000000
Resolving chart.googleapis.com... 173.194.74.95, 2607:f8b0:400d:c02::5f
Connecting to chart.googleapis.com|173.194.74.95|:443... --2013-07-30 16:25:19--  https://chart.googleapis.com/chart?chst=d_map_pin_letter_withshadow&chld=P%7CEEEE88%7C000000
Resolving chart.googleapis.com... 173.194.74.95, 2607:f8b0:400d:c02::5f
Connecting to chart.googleapis.com|173.194.74.95|:443... --2013-07-30 16:25:19--  https://chart.googleapis.com/chart?chst=d_map_pin_letter_withshadow&chld=Q%7CEEEE88%7C000000
Resolving chart.googleapis.com... 173.194.74.95, 2607:f8b0:400d:c02::5f
Connecting to chart.googleapis.com|173.194.74.95|:443... --2013-07-30 16:25:19--  https://chart.googleapis.com/chart?chst=d_map_pin_letter_withshadow&chld=R%7CEEEE88%7C000000
Resolving chart.googleapis.com... 173.194.74.95, 2607:f8b0:400d:c02::5f
Connecting to chart.googleapis.com|173.194.74.95|:443... --2013-07-30 16:25:19--  https://chart.googleapis.com/chart?chst=d_map_pin_letter_withshadow&chld=S%7CEEEE88%7C000000
Resolving chart.googleapis.com... 173.194.74.95, 2607:f8b0:400d:c02::5f
Connecting to chart.googleapis.com|173.194.74.95|:443... --2013-07-30 16:25:19--  https://chart.googleapis.com/chart?chst=d_map_pin_letter_withshadow&chld=T%7CEEEE88%7C000000
Resolving chart.googleapis.com... 173.194.74.95, 2607:f8b0:400d:c02::5f
Connecting to chart.googleapis.com|173.194.74.95|:443... --2013-07-30 16:25:19--  https://chart.googleapis.com/chart?chst=d_map_pin_letter_withshadow&chld=U%7CEEEE88%7C000000
Resolving chart.googleapis.com... 173.194.74.95, 2607:f8b0:400d:c02::5f
Connecting to chart.googleapis.com|173.194.74.95|:443... --2013-07-30 16:25:19--  https://chart.googleapis.com/chart?chst=d_map_pin_letter_withshadow&chld=V%7CEEEE88%7C000000
Resolving chart.googleapis.com... 173.194.74.95, 2607:f8b0:400d:c02::5f
Connecting to chart.googleapis.com|173.194.74.95|:443... --2013-07-30 16:25:19--  https://chart.googleapis.com/chart?chst=d_map_pin_letter_withshadow&chld=W%7CEEEE88%7C000000
Resolving chart.googleapis.com... 173.194.74.95, 2607:f8b0:400d:c02::5f
Connecting to chart.googleapis.com|173.194.74.95|:443... --2013-07-30 16:25:19--  https://chart.googleapis.com/chart?chst=d_map_pin_letter_withshadow&chld=X%7CEEEE88%7C000000
Resolving chart.googleapis.com... 173.194.74.95, 2607:f8b0:400d:c02::5f
Connecting to chart.googleapis.com|173.194.74.95|:443... --2013-07-30 16:25:19--  https://chart.googleapis.com/chart?chst=d_map_pin_letter_withshadow&chld=Y%7CEEEE88%7C000000
Resolving chart.googleapis.com... 173.194.74.95, 2607:f8b0:400d:c02::5f
Connecting to chart.googleapis.com|173.194.74.95|:443... --2013-07-30 16:25:19--  https://chart.googleapis.com/chart?chst=d_map_pin_letter_withshadow&chld=Z%7CEEEE88%7C000000
Resolving chart.googleapis.com... 173.194.74.95, 2607:f8b0:400d:c02::5f
Connecting to chart.googleapis.com|173.194.74.95|:443... --2013-07-30 16:25:19--  https://chart.googleapis.com/chart?chst=d_map_pin_letter_withshadow&chld=0%7CEEEE88%7C000000
Resolving chart.googleapis.com... 173.194.74.95, 2607:f8b0:400d:c02::5f
Connecting to chart.googleapis.com|173.194.74.95|:443... --2013-07-30 16:25:19--  https://chart.googleapis.com/chart?chst=d_map_pin_letter_withshadow&chld=1%7CEEEE88%7C000000
Resolving chart.googleapis.com... 173.194.74.95, 2607:f8b0:400d:c02::5f
Connecting to chart.googleapis.com|173.194.74.95|:443... --2013-07-30 16:25:19--  https://chart.googleapis.com/chart?chst=d_map_pin_letter_withshadow&chld=2%7CEEEE88%7C000000
Resolving chart.googleapis.com... 173.194.74.95, 2607:f8b0:400d:c02::5f
Connecting to chart.googleapis.com|173.194.74.95|:443... --2013-07-30 16:25:19--  https://chart.googleapis.com/chart?chst=d_map_pin_letter_withshadow&chld=3%7CEEEE88%7C000000
Resolving chart.googleapis.com... 173.194.74.95, 2607:f8b0:400d:c02::5f
Connecting to chart.googleapis.com|173.194.74.95|:443... --2013-07-30 16:25:19--  https://chart.googleapis.com/chart?chst=d_map_pin_letter_withshadow&chld=4%7CEEEE88%7C000000
Resolving chart.googleapis.com... 173.194.74.95, 2607:f8b0:400d:c02::5f
Connecting to chart.googleapis.com|173.194.74.95|:443... --2013-07-30 16:25:19--  https://chart.googleapis.com/chart?chst=d_map_pin_letter_withshadow&chld=5%7CEEEE88%7C000000
Resolving chart.googleapis.com... 173.194.74.95, 2607:f8b0:400d:c02::5f
Connecting to chart.googleapis.com|173.194.74.95|:443... --2013-07-30 16:25:19--  https://chart.googleapis.com/chart?chst=d_map_pin_letter_withshadow&chld=6%7CEEEE88%7C000000
Resolving chart.googleapis.com... 173.194.74.95, 2607:f8b0:400d:c02::5f
Connecting to chart.googleapis.com|173.194.74.95|:443... --2013-07-30 16:25:19--  https://chart.googleapis.com/chart?chst=d_map_pin_letter_withshadow&chld=7%7CEEEE88%7C000000
Resolving chart.googleapis.com... 173.194.74.95, 2607:f8b0:400d:c02::5f
Connecting to chart.googleapis.com|173.194.74.95|:443... --2013-07-30 16:25:20--  https://chart.googleapis.com/chart?chst=d_map_pin_letter_withshadow&chld=8%7CEEEE88%7C000000
Resolving chart.googleapis.com... 173.194.74.95, 2607:f8b0:400d:c02::5f
Connecting to chart.googleapis.com|173.194.74.95|:443... --2013-07-30 16:25:20--  https://chart.googleapis.com/chart?chst=d_map_pin_letter_withshadow&chld=9%7CEEEE88%7C000000
Resolving chart.googleapis.com... 173.194.74.95, 2607:f8b0:400d:c02::5f
Connecting to chart.googleapis.com|173.194.74.95|:443... --2013-07-30 16:25:20--  https://chart.googleapis.com/chart?chst=d_map_pin_letter_withshadow&chld=%E2%88%AB%7CEEEE88%7C000000
Resolving chart.googleapis.com... 173.194.74.95, 2607:f8b0:400d:c02::5f
Connecting to chart.googleapis.com|173.194.74.95|:443... --2013-07-30 16:25:20--  https://chart.googleapis.com/chart?chst=d_map_pin_letter_withshadow&chld=@%7CEEEE88%7C000000
Resolving chart.googleapis.com... 173.194.74.95, 2607:f8b0:400d:c02::5f
Connecting to chart.googleapis.com|173.194.74.95|:443... --2013-07-30 16:25:20--  https://chart.googleapis.com/chart?chst=d_map_pin_letter_withshadow&chld=%C2%B5%7CEEEE88%7C000000
Resolving chart.googleapis.com... 173.194.74.95, 2607:f8b0:400d:c02::5f
Connecting to chart.googleapis.com|173.194.74.95|:443... --2013-07-30 16:25:20--  https://chart.googleapis.com/chart?chst=d_map_pin_letter_withshadow&chld=%C3%91%7CEEEE88%7C000000
Resolving chart.googleapis.com... 173.194.74.95, 2607:f8b0:400d:c02::5f
Connecting to chart.googleapis.com|173.194.74.95|:443... --2013-07-30 16:25:20--  https://chart.googleapis.com/chart?chst=d_map_pin_letter_withshadow&chld=$%7CEEEE88%7C000000
Resolving chart.googleapis.com... 173.194.74.95, 2607:f8b0:400d:c02::5f
Connecting to chart.googleapis.com|173.194.74.95|:443... --2013-07-30 16:25:20--  https://chart.googleapis.com/chart?chst=d_map_pin_letter_withshadow&chld=%25%7CEEEE88%7C000000
Resolving chart.googleapis.com... 173.194.74.95, 2607:f8b0:400d:c02::5f
Connecting to chart.googleapis.com|173.194.74.95|:443... --2013-07-30 16:25:20--  https://chart.googleapis.com/chart?chst=d_map_pin_letter_withshadow&chld=%26%7CEEEE88%7C000000
Resolving chart.googleapis.com... 173.194.74.95, 2607:f8b0:400d:c02::5f
Connecting to chart.googleapis.com|173.194.74.95|:443... --2013-07-30 16:25:20--  https://chart.googleapis.com/chart?chst=d_map_pin_letter_withshadow&chld=*%7CEEEE88%7C000000
Resolving chart.googleapis.com... 173.194.74.95, 2607:f8b0:400d:c02::5f
Connecting to chart.googleapis.com|173.194.74.95|:443... --2013-07-30 16:25:20--  https://chart.googleapis.com/chart?chst=d_map_pin_letter_withshadow&chld=%C2%A1%7CEEEE88%7C000000
Resolving chart.googleapis.com... 173.194.74.95, 2607:f8b0:400d:c02::5f
Connecting to chart.googleapis.com|173.194.74.95|:443... --2013-07-30 16:25:20--  https://chart.googleapis.com/chart?chst=d_map_pin_letter_withshadow&chld=%C2%A3%7CEEEE88%7C000000
Resolving chart.googleapis.com... 173.194.74.95, 2607:f8b0:400d:c02::5f
Connecting to chart.googleapis.com|173.194.74.95|:443... --2013-07-30 16:25:20--  https://chart.googleapis.com/chart?chst=d_map_pin_letter_withshadow&chld=%C2%A2%7CEEEE88%7C000000
Resolving chart.googleapis.com... 173.194.74.95, 2607:f8b0:400d:c02::5f
Connecting to chart.googleapis.com|173.194.74.95|:443... --2013-07-30 16:25:20--  https://chart.googleapis.com/chart?chst=d_map_pin_letter_withshadow&chld=%E2%88%9E%7CEEEE88%7C000000
Resolving chart.googleapis.com... 173.194.74.95, 2607:f8b0:400d:c02::5f
Connecting to chart.googleapis.com|173.194.74.95|:443... --2013-07-30 16:25:20--  https://chart.googleapis.com/chart?chst=d_map_pin_letter_withshadow&chld=%C2%A7%7CEEEE88%7C000000
Resolving chart.googleapis.com... 173.194.74.95, 2607:f8b0:400d:c02::5f
Connecting to chart.googleapis.com|173.194.74.95|:443... --2013-07-30 16:25:20--  https://chart.googleapis.com/chart?chst=d_map_pin_letter_withshadow&chld=%C2%B6%7CEEEE88%7C000000
Resolving chart.googleapis.com... 173.194.74.95, 2607:f8b0:400d:c02::5f
Connecting to chart.googleapis.com|173.194.74.95|:443... --2013-07-30 16:25:20--  https://chart.googleapis.com/chart?chst=d_map_pin_letter_withshadow&chld=%E2%80%A2%7CEEEE88%7C000000
Resolving chart.googleapis.com... 173.194.74.95, 2607:f8b0:400d:c02::5f
Connecting to chart.googleapis.com|173.194.74.95|:443... --2013-07-30 16:25:20--  https://chart.googleapis.com/chart?chst=d_map_pin_letter_withshadow&chld=%C5%93%7CEEEE88%7C000000
Resolving chart.googleapis.com... 173.194.74.95, 2607:f8b0:400d:c02::5f
Connecting to chart.googleapis.com|173.194.74.95|:443... --2013-07-30 16:25:20--  https://chart.googleapis.com/chart?chst=d_map_pin_letter_withshadow&chld=%E2%88%91%7CEEEE88%7C000000
Resolving chart.googleapis.com... 173.194.74.95, 2607:f8b0:400d:c02::5f
Connecting to chart.googleapis.com|173.194.74.95|:443... --2013-07-30 16:25:20--  https://chart.googleapis.com/chart?chst=d_map_pin_letter_withshadow&chld=%C3%A5%7CEEEE88%7C000000
Resolving chart.googleapis.com... 173.194.74.95, 2607:f8b0:400d:c02::5f
Connecting to chart.googleapis.com|173.194.74.95|:443... --2013-07-30 16:25:20--  https://chart.googleapis.com/chart?chst=d_map_pin_letter_withshadow&chld=%C3%9F%7CEEEE88%7C000000
Resolving chart.googleapis.com... 173.194.74.95, 2607:f8b0:400d:c02::5f
Connecting to chart.googleapis.com|173.194.74.95|:443... --2013-07-30 16:25:20--  https://chart.googleapis.com/chart?chst=d_map_pin_letter_withshadow&chld=%E2%88%82%7CEEEE88%7C000000
Resolving chart.googleapis.com... 173.194.74.95, 2607:f8b0:400d:c02::5f
Connecting to chart.googleapis.com|173.194.74.95|:443... --2013-07-30 16:25:20--  https://chart.googleapis.com/chart?chst=d_map_pin_letter_withshadow&chld=%C6%92%7CEEEE88%7C000000
Resolving chart.googleapis.com... 173.194.74.95, 2607:f8b0:400d:c02::5f
Connecting to chart.googleapis.com|173.194.74.95|:443... connected.
connected.
connected.
connected.
connected.
connected.
connected.
connected.
connected.
connected.
connected.
connected.
connected.
connected.
connected.
connected.
connected.
connected.
connected.
connected.
connected.
connected.
connected.
connected.
connected.
connected.
connected.
connected.
connected.
connected.
connected.
connected.
connected.
connected.
connected.
connected.
connected.
connected.
connected.
connected.
connected.
connected.
connected.
connected.
connected.
connected.
connected.
connected.
connected.
connected.
connected.
connected.
connected.
connected.
connected.
connected.
connected.
HTTP request sent, awaiting response... HTTP request sent, awaiting response... HTTP request sent, awaiting response... HTTP request sent, awaiting response... HTTP request sent, awaiting response... HTTP request sent, awaiting response... HTTP request sent, awaiting response... HTTP request sent, awaiting response... HTTP request sent, awaiting response... HTTP request sent, awaiting response... HTTP request sent, awaiting response... HTTP request sent, awaiting response... HTTP request sent, awaiting response... HTTP request sent, awaiting response... HTTP request sent, awaiting response... HTTP request sent, awaiting response... HTTP request sent, awaiting response... HTTP request sent, awaiting response... HTTP request sent, awaiting response... HTTP request sent, awaiting response... HTTP request sent, awaiting response... HTTP request sent, awaiting response... HTTP request sent, awaiting response... HTTP request sent, awaiting response... HTTP request sent, awaiting response... HTTP request sent, awaiting response... HTTP request sent, awaiting response... HTTP request sent, awaiting response... HTTP request sent, awaiting response... HTTP request sent, awaiting response... HTTP request sent, awaiting response... HTTP request sent, awaiting response... HTTP request sent, awaiting response... HTTP request sent, awaiting response... HTTP request sent, awaiting response... HTTP request sent, awaiting response... HTTP request sent, awaiting response... HTTP request sent, awaiting response... HTTP request sent, awaiting response... HTTP request sent, awaiting response... HTTP request sent, awaiting response... HTTP request sent, awaiting response... HTTP request sent, awaiting response... HTTP request sent, awaiting response... HTTP request sent, awaiting response... HTTP request sent, awaiting response... HTTP request sent, awaiting response... HTTP request sent, awaiting response... HTTP request sent, awaiting response... HTTP request sent, awaiting response... HTTP request sent, awaiting response... HTTP request sent, awaiting response... HTTP request sent, awaiting response... HTTP request sent, awaiting response... HTTP request sent, awaiting response... 200 OK
Length: 1586 (1.5K) [image/png]
Saving to: `icon_1.png'
HTTP request sent, awaiting response... 
     0K .                                                     100% 26.1M=0s

2013-07-30 16:25:25 (26.1 MB/s) - `icon_1.png' saved [1586/1586]

HTTP request sent, awaiting response... 200 OK
Length: 1577 (1.5K) [image/png]
Saving to: `icon_0.png'

     0K .                                                     100% 31.3M=0s

2013-07-30 16:25:25 (31.3 MB/s) - `icon_0.png' saved [1577/1577]

200 OK
Length: 1464 (1.4K) [image/png]
Saving to: `icon_4.png'

     0K .                                                     100% 35.8M=0s

2013-07-30 16:25:25 (35.8 MB/s) - `icon_4.png' saved [1464/1464]

200 OK
Length: 1448 (1.4K) [image/png]
Saving to: `icon_5.png'

     0K .                                                     100% 19.4M=0s

2013-07-30 16:25:25 (19.4 MB/s) - `icon_5.png' saved [1448/1448]

200 OK
Length: 1660 (1.6K) [image/png]
Saving to: `icon_6.png'

     0K .                                                     100%  167K=0.01s

2013-07-30 16:25:25 (167 KB/s) - `icon_6.png' saved [1660/1660]

200 OK
Length: 1596 (1.6K) [image/png]
Saving to: `icon_29.png'

     0K .                       200 OK
                      Length:    1382     100% (1.3K)  152K [image/png]
=0.01sSaving to: `icon_8.png'



     0K .                                                     100% 30.0M=0s

2013-07-30 16:25:25 (30.0 MB/s) - `icon_8.png' saved [1382/1382]

2013-07-30 16:25:25 (152 KB/s) - `icon_29.png' saved [1596/1596]

200 OK
Length: 1571 (1.5K) [image/png]
Saving to: `icon_26.png'

     0K .                                                     100% 33.3M=0s

2013-07-30 16:25:25 (33.3 MB/s) - `icon_26.png' saved [1571/1571]

200 OK
Length: 1555 (1.5K) [image/png]
Saving to: `icon_12.png'

     0K .                                                     100% 33.0M=0s

2013-07-30 16:25:25 (33.0 MB/s) - `icon_12.png' saved [1555/1555]

200 OK
Length: 1630 (1.6K) [image/png]
Saving to: `icon_34.png'

     0K .                                                     100% 29.9M=0s

2013-07-30 16:25:25 (29.9 MB/s) - `icon_34.png' saved [1630/1630]

200 OK
Length: 1559 (1.5K) [image/png]
Saving to: `icon_10.png'

     0K .                                                     100% 33.0M=0s

2013-07-30 16:25:25 (33.0 MB/s) - `icon_10.png' saved [1559/1559]

200 OK
Length: 1532 (1.5K) [image/png]
Saving to: `icon_24.png'

     0K .                                                     100% 30.4M=0s

2013-07-30 16:25:25 (30.4 MB/s) - `icon_24.png' saved [1532/1532]

200 OK
Length: 1665 (1.6K) [image/png]
Saving to: `icon_16.png'

     0K .                                                     100% 33.8M=0s

2013-07-30 16:25:25 (33.8 MB/s) - `icon_16.png' saved [1665/1665]

200 OK
Length: 1615 (1.6K) [image/png]
Saving to: `icon_35.png'

     0K .                                                     100% 35.0M=0s

2013-07-30 16:25:25 (35.0 MB/s) - `icon_35.png' saved [1615/1615]

200 OK
Length: 1528 (1.5K) [image/png]
Saving to: `icon_25.png'

     0K .                                                     100% 33.1M=0s

2013-07-30 16:25:25 (33.1 MB/s) - `icon_25.png' saved [1528/1528]

200 OK
Length: 1557 (1.5K) [image/png]
Saving to: `icon_17.png'

     0K .                                                     100% 38.1M=0s

2013-07-30 16:25:25 (38.1 MB/s) - `icon_17.png' saved [1557/1557]

200 OK
200 OK
Length: 1482 (1.4K)Length:  [image/png]
1416Saving to: `icon_38.png'
 (1.4K) [image/png]
Saving to: `icon_11.png'

     0K .               
     0K   .                                                                        100%   48.7M =0s 

             100% 30.0M=0s

2013-07-30 16:25:25 (30.0 MB/s) - `icon_11.png' saved [1416/1416]

2013-07-30 16:25:25 (48.7 MB/s) - `icon_38.png' saved [1482/1482]

200 OK
Length: 1617 (1.6K) [image/png]
Saving to: `icon_23.png'

     0K .                                                     100%  160K=0.01s

2013-07-30 16:25:26 (160 KB/s) - `icon_23.png' saved [1617/1617]

200 OK
Length: 1500 (1.5K) [image/png]
Saving to: `icon_30.png'

     0K .                                                     100% 22.0M=0s

2013-07-30 16:25:26 (22.0 MB/s) - `icon_30.png' saved [1500/1500]

200 OK
Length: 1503 (1.5K) [image/png]
Saving to: `icon_13.png'

     0K .                                                     100% 21.7M=0s

2013-07-30 16:25:26 (21.7 MB/s) - `icon_13.png' saved [1503/1503]

200 OK
Length: 1615 (1.6K) [image/png]
Saving to: `icon_32.png'

     0K .                                                     100% 26.6M=0s

2013-07-30 16:25:26 (26.6 MB/s) - `icon_32.png' saved [1615/1615]

200 OK
Length: 1401 (1.4K) [image/png]
Saving to: `icon_27.png'

     0K .                                                     100% 27.3M=0s

2013-07-30 16:25:26 (27.3 MB/s) - `icon_27.png' saved [1401/1401]

200 OK
Length: 1454 (1.4K) [image/png]
Saving to: `icon_9.png'

     0K .                                                     100% 14.3M=0s

2013-07-30 16:25:26 (14.3 MB/s) - `icon_9.png' saved [1454/1454]

200 OK
Length: 1410 (1.4K) [image/png]
Saving to: `icon_19.png'

     0K .                                                     100% 17.7M=0s

2013-07-30 16:25:26 (17.7 MB/s) - `icon_19.png' saved [1410/1410]

200 OK
Length: 1501 (1.5K) [image/png]
Saving to: `icon_33.png'

     0K .                                                     100% 25.1M=0s

2013-07-30 16:25:26 (25.1 MB/s) - `icon_33.png' saved [1501/1501]

200 OK
Length: 1501 (1.5K) [image/png]
Saving to: `icon_15.png'

     0K .                                                     100% 18.8M=0s

2013-07-30 16:25:26 (18.8 MB/s) - `icon_15.png' saved [1501/1501]

200 OK
Length: 1452 (1.4K) [image/png]
Saving to: `icon_7.png'

     0K .                                                     100% 23.9M=0s

2013-07-30 16:25:26 (23.9 MB/s) - `icon_7.png' saved [1452/1452]

200 OK
Length: 1480 (1.4K) [image/png]
Saving to: `icon_20.png'

     0K .                                                     100% 23.9M=0s

2013-07-30 16:25:26 (23.9 MB/s) - `icon_20.png' saved [1480/1480]

200 OK
Length: 1649 (1.6K) [image/png]
Saving to: `icon_14.png'

     0K .                                                     100%  171K=0.009s

2013-07-30 16:25:26 (171 KB/s) - `icon_14.png' saved [1649/1649]

200 OK
Length: 1589 (1.6K) [image/png]
Saving to: `icon_28.png'

     0K .                                                     100%  156K=0.01s

2013-07-30 16:25:26 (156 KB/s) - `icon_28.png' saved [1589/1589]

200 OK
Length: 1566 (1.5K) [image/png]
Saving to: `icon_21.png'

     0K .                                                     100% 25.7M=0s

2013-07-30 16:25:26 (25.7 MB/s) - `icon_21.png' saved [1566/1566]

200 OK
Length: 1589 (1.6K) [image/png]
Saving to: `icon_31.png'

     0K .                                                     100% 14.7M=0s

2013-07-30 16:25:26 (14.7 MB/s) - `icon_31.png' saved [1589/1589]

200 OK
Length: 1834 (1.8K) [image/png]
Saving to: `icon_37.png'

     0K .                                                     100% 29.6M=0s

2013-07-30 16:25:26 (29.6 MB/s) - `icon_37.png' saved [1834/1834]

200 OK
Length: 1654 (1.6K) [image/png]
Saving to: `icon_22.png'

     0K .                                                     100%  168K=0.01s

2013-07-30 16:25:26 (168 KB/s) - `icon_22.png' saved [1654/1654]

200 OK
Length: 1665 (1.6K) [image/png]
Saving to: `icon_18.png'

     0K .                                                     100% 33.8M=0s

2013-07-30 16:25:26 (33.8 MB/s) - `icon_18.png' saved [1665/1665]

200 OK
Length: 1529 (1.5K) [image/png]
Saving to: `icon_39.png'

     0K .                                                     100% 33.9M=0s

2013-07-30 16:25:26 (33.9 MB/s) - `icon_39.png' saved [1529/1529]

200 OK
Length: 1450 (1.4K) [image/png]
Saving to: `icon_36.png'

     0K .                                                     100% 32.9M=0s

2013-07-30 16:25:26 (32.9 MB/s) - `icon_36.png' saved [1450/1450]

200 OK
Length: 1633 (1.6K) [image/png]
Saving to: `icon_40.png'

     0K .                                                     100% 31.1M=0s

2013-07-30 16:25:26 (31.1 MB/s) - `icon_40.png' saved [1633/1633]

200 OK
Length: 1618 (1.6K) [image/png]
Saving to: `icon_42.png'

     0K .                                                     100% 35.9M=0s

2013-07-30 16:25:26 (35.9 MB/s) - `icon_42.png' saved [1618/1618]

200 OK
Length: 1677 (1.6K) [image/png]
Saving to: `icon_41.png'

     0K .                                                     100% 16.3M=0s

2013-07-30 16:25:26 (16.3 MB/s) - `icon_41.png' saved [1677/1677]

200 OK
Length: 1457 (1.4K) [image/png]
Saving to: `icon_43.png'

     0K .                                                     100%  137K=0.01s

2013-07-30 16:25:26 (137 KB/s) - `icon_43.png' saved [1457/1457]

200 OK
Length: 1429 (1.4K) [image/png]
Saving to: `icon_44.png'

     0K .                                                     100% 18.9M=0s

2013-07-30 16:25:26 (18.9 MB/s) - `icon_44.png' saved [1429/1429]

200 OK
Length: 1618 (1.6K) [image/png]
Saving to: `icon_45.png'

     0K .                                                     100% 36.7M=0s

2013-07-30 16:25:26 (36.7 MB/s) - `icon_45.png' saved [1618/1618]

200 OK
Length: 1653 (1.6K) [image/png]
Saving to: `icon_48.png'

     0K .                                                     100%  174K=0.009s

2013-07-30 16:25:26 (174 KB/s) - `icon_48.png' saved [1653/1653]

200 OK
Length: 1574 (1.5K) [image/png]
Saving to: `icon_46.png'

     0K .                                                     100% 34.9M=0s

2013-07-30 16:25:26 (34.9 MB/s) - `icon_46.png' saved [1574/1574]

200 OK
Length: 1554 (1.5K) [image/png]
Saving to: `icon_47.png'

     0K .                                                     100% 29.1M=0s

2013-07-30 16:25:26 (29.1 MB/s) - `icon_47.png' saved [1554/1554]

200 OK
Length: 1481 (1.4K) [image/png]
Saving to: `icon_49.png'

     0K .                                                     100% 36.2M=0s

2013-07-30 16:25:26 (36.2 MB/s) - `icon_49.png' saved [1481/1481]

200 OK
Length: 1692 (1.7K) [image/png]
Saving to: `icon_51.png'

     0K .                                                     100%  171K=0.01s

2013-07-30 16:25:26 (171 KB/s) - `icon_51.png' saved [1692/1692]

200 OK
Length: 1441 (1.4K) [image/png]
Saving to: `icon_50.png'

     0K .                                                     100% 31.2M=0s

2013-07-30 16:25:26 (31.2 MB/s) - `icon_50.png' saved [1441/1441]

200 OK
Length: 1599 (1.6K) [image/png]
Saving to: `icon_53.png'

     0K .                                                     100% 30.5M=0s

2013-07-30 16:25:26 (30.5 MB/s) - `icon_53.png' saved [1599/1599]

200 OK
200 OK
Length: 1560 (1.5K) [image/png]
Length: Saving to: `icon_52.png'
1573 (1.5K) [image/png]
Saving to: `icon_54.png'

     0K .                                                     100% 34.6M=0s

2013-07-30 16:25:27 (34.6 MB/s) - `icon_52.png' saved [1560/1560]


     0K .                                                     100%  220K=0.007s

2013-07-30 16:25:27 (220 KB/s) - `icon_54.png' saved [1573/1573]

200 OK
Length: 1611 (1.6K) [image/png]
Saving to: `icon_55.png'

     0K .                                                     100% 36.6M=0s

2013-07-30 16:25:27 (36.6 MB/s) - `icon_55.png' saved [1611/1611]

200 OK
Length: 1546 (1.5K) [image/png]
Saving to: `icon_56.png'

     0K .                                                     100% 15.5M=0s

2013-07-30 16:25:27 (15.5 MB/s) - `icon_56.png' saved [1546/1546]

200 OK
Length: 1539 (1.5K) [image/png]
Saving to: `icon_3.png'

     0K .                                                     100% 31.2M=0s

2013-07-30 16:25:27 (31.2 MB/s) - `icon_3.png' saved [1539/1539]

200 OK
Length: 1602 (1.6K) [image/png]
Saving to: `icon_2.png'

     0K .                                                     100% 19.3M=0s

2013-07-30 16:25:27 (19.3 MB/s) - `icon_2.png' saved [1602/1602]

