--2013-07-30 14:50:36--  https://chart.googleapis.com/chart?chst=d_map_pin_letter_withshadow&chld=A%7C66FFFF%7C000000
Resolving chart.googleapis.com... --2013-07-30 14:50:36--  https://chart.googleapis.com/chart?chst=d_map_pin_letter_withshadow&chld=B%7C66FFFF%7C000000
Resolving chart.googleapis.com... --2013-07-30 14:50:36--  https://chart.googleapis.com/chart?chst=d_map_pin_letter_withshadow&chld=C%7C66FFFF%7C000000
Resolving chart.googleapis.com... --2013-07-30 14:50:36--  https://chart.googleapis.com/chart?chst=d_map_pin_letter_withshadow&chld=D%7C66FFFF%7C000000
Resolving chart.googleapis.com... --2013-07-30 14:50:36--  https://chart.googleapis.com/chart?chst=d_map_pin_letter_withshadow&chld=E%7C66FFFF%7C000000
Resolving chart.googleapis.com... --2013-07-30 14:50:37--  https://chart.googleapis.com/chart?chst=d_map_pin_letter_withshadow&chld=F%7C66FFFF%7C000000
Resolving chart.googleapis.com... --2013-07-30 14:50:37--  https://chart.googleapis.com/chart?chst=d_map_pin_letter_withshadow&chld=G%7C66FFFF%7C000000
Resolving chart.googleapis.com... --2013-07-30 14:50:37--  https://chart.googleapis.com/chart?chst=d_map_pin_letter_withshadow&chld=H%7C66FFFF%7C000000
Resolving chart.googleapis.com... --2013-07-30 14:50:37--  https://chart.googleapis.com/chart?chst=d_map_pin_letter_withshadow&chld=I%7C66FFFF%7C000000
Resolving chart.googleapis.com... --2013-07-30 14:50:37--  https://chart.googleapis.com/chart?chst=d_map_pin_letter_withshadow&chld=J%7C66FFFF%7C000000
Resolving chart.googleapis.com... --2013-07-30 14:50:37--  https://chart.googleapis.com/chart?chst=d_map_pin_letter_withshadow&chld=K%7C66FFFF%7C000000
Resolving chart.googleapis.com... --2013-07-30 14:50:37--  https://chart.googleapis.com/chart?chst=d_map_pin_letter_withshadow&chld=L%7C66FFFF%7C000000
Resolving chart.googleapis.com... --2013-07-30 14:50:37--  https://chart.googleapis.com/chart?chst=d_map_pin_letter_withshadow&chld=M%7C66FFFF%7C000000
Resolving chart.googleapis.com... --2013-07-30 14:50:37--  https://chart.googleapis.com/chart?chst=d_map_pin_letter_withshadow&chld=N%7C66FFFF%7C000000
Resolving chart.googleapis.com... --2013-07-30 14:50:37--  https://chart.googleapis.com/chart?chst=d_map_pin_letter_withshadow&chld=O%7C66FFFF%7C000000
Resolving chart.googleapis.com... --2013-07-30 14:50:37--  https://chart.googleapis.com/chart?chst=d_map_pin_letter_withshadow&chld=P%7C66FFFF%7C000000
Resolving chart.googleapis.com... --2013-07-30 14:50:37--  https://chart.googleapis.com/chart?chst=d_map_pin_letter_withshadow&chld=Q%7C66FFFF%7C000000
Resolving chart.googleapis.com... --2013-07-30 14:50:37--  https://chart.googleapis.com/chart?chst=d_map_pin_letter_withshadow&chld=R%7C66FFFF%7C000000
Resolving chart.googleapis.com... --2013-07-30 14:50:37--  https://chart.googleapis.com/chart?chst=d_map_pin_letter_withshadow&chld=S%7C66FFFF%7C000000
Resolving chart.googleapis.com... --2013-07-30 14:50:37--  https://chart.googleapis.com/chart?chst=d_map_pin_letter_withshadow&chld=T%7C66FFFF%7C000000
Resolving chart.googleapis.com... --2013-07-30 14:50:37--  https://chart.googleapis.com/chart?chst=d_map_pin_letter_withshadow&chld=U%7C66FFFF%7C000000
Resolving chart.googleapis.com... --2013-07-30 14:50:37--  https://chart.googleapis.com/chart?chst=d_map_pin_letter_withshadow&chld=V%7C66FFFF%7C000000
Resolving chart.googleapis.com... --2013-07-30 14:50:37--  https://chart.googleapis.com/chart?chst=d_map_pin_letter_withshadow&chld=W%7C66FFFF%7C000000
Resolving chart.googleapis.com... --2013-07-30 14:50:37--  https://chart.googleapis.com/chart?chst=d_map_pin_letter_withshadow&chld=X%7C66FFFF%7C000000
Resolving chart.googleapis.com... --2013-07-30 14:50:37--  https://chart.googleapis.com/chart?chst=d_map_pin_letter_withshadow&chld=Y%7C66FFFF%7C000000
Resolving chart.googleapis.com... --2013-07-30 14:50:37--  https://chart.googleapis.com/chart?chst=d_map_pin_letter_withshadow&chld=Z%7C66FFFF%7C000000
Resolving chart.googleapis.com... --2013-07-30 14:50:37--  https://chart.googleapis.com/chart?chst=d_map_pin_letter_withshadow&chld=0%7C66FFFF%7C000000
Resolving chart.googleapis.com... --2013-07-30 14:50:37--  https://chart.googleapis.com/chart?chst=d_map_pin_letter_withshadow&chld=1%7C66FFFF%7C000000
Resolving chart.googleapis.com... 173.194.74.95173.194.74.95173.194.74.95, , 2607:f8b0:400d:c02::5f2607:f8b0:400d:c02::5f

, Connecting to chart.googleapis.com|173.194.74.95|:443... 2607:f8b0:400d:c02::5fConnecting to chart.googleapis.com|173.194.74.95|:443... 
Connecting to chart.googleapis.com|173.194.74.95|:443... 2607:f8b0:400d:c02::5f, 173.194.74.95
Connecting to chart.googleapis.com|2607:f8b0:400d:c02::5f|:443... 2607:f8b0:400d:c02::5f, 173.194.74.95
2607:f8b0:400d:c02::5fConnecting to chart.googleapis.com|2607:f8b0:400d:c02::5f|:443... , failed: Permission denied.
173.194.74.95
Connecting to chart.googleapis.com|173.194.74.95|:443... Connecting to chart.googleapis.com|2607:f8b0:400d:c02::5f|:443... 2607:f8b0:400d:c02::5f, 173.194.74.95
Connecting to chart.googleapis.com|2607:f8b0:400d:c02::5f|:443... failed: Permission denied.
Connecting to chart.googleapis.com|173.194.74.95|:443... failed: Permission denied.
Connecting to chart.googleapis.com|173.194.74.95|:443... 2607:f8b0:400d:c02::5f, failed: Permission denied.
173.194.74.95
Connecting to chart.googleapis.com|173.194.74.95|:443... Connecting to chart.googleapis.com|2607:f8b0:400d:c02::5f|:443... failed: Permission denied.
Connecting to chart.googleapis.com|173.194.74.95|:443... 2607:f8b0:400d:c02::5f, 173.194.74.95
Connecting to chart.googleapis.com|2607:f8b0:400d:c02::5f|:443... 2607:f8b0:400d:c02::5f2607:f8b0:400d:c02::5f, , 173.194.74.95173.194.74.95

Connecting to chart.googleapis.com|2607:f8b0:400d:c02::5f|:443... Connecting to chart.googleapis.com|2607:f8b0:400d:c02::5f|:443... 2607:f8b0:400d:c02::5ffailed: Permission denied.
, Connecting to chart.googleapis.com|173.194.74.95|:443... 173.194.74.95
Connecting to chart.googleapis.com|2607:f8b0:400d:c02::5f|:443... failed: Permission denied.
failed: Permission denied.
Connecting to chart.googleapis.com|173.194.74.95|:443... Connecting to chart.googleapis.com|173.194.74.95|:443... 2607:f8b0:400d:c02::5f, failed: Permission denied.
173.194.74.95
Connecting to chart.googleapis.com|173.194.74.95|:443... Connecting to chart.googleapis.com|2607:f8b0:400d:c02::5f|:443... failed: Permission denied.
Connecting to chart.googleapis.com|173.194.74.95|:443... 2607:f8b0:400d:c02::5f, 173.194.74.95
2607:f8b0:400d:c02::5fConnecting to chart.googleapis.com|2607:f8b0:400d:c02::5f|:443... , 2607:f8b0:400d:c02::5f2607:f8b0:400d:c02::5f, , 173.194.74.95173.194.74.95173.194.74.95


Connecting to chart.googleapis.com|2607:f8b0:400d:c02::5f|:443... Connecting to chart.googleapis.com|2607:f8b0:400d:c02::5f|:443... Connecting to chart.googleapis.com|2607:f8b0:400d:c02::5f|:443... failed: Permission denied.
Connecting to chart.googleapis.com|173.194.74.95|:443... failed: Permission denied.
failed: Permission denied.
2607:f8b0:400d:c02::5fConnecting to chart.googleapis.com|173.194.74.95|:443... Connecting to chart.googleapis.com|173.194.74.95|:443... , 173.194.74.95
Connecting to chart.googleapis.com|2607:f8b0:400d:c02::5f|:443... failed: Permission denied.
Connecting to chart.googleapis.com|173.194.74.95|:443... 2607:f8b0:400d:c02::5f, 173.194.74.95
Connecting to chart.googleapis.com|2607:f8b0:400d:c02::5f|:443... 2607:f8b0:400d:c02::5f, 173.194.74.95failed: Permission denied.

Connecting to chart.googleapis.com|173.194.74.95|:443... 2607:f8b0:400d:c02::5fConnecting to chart.googleapis.com|2607:f8b0:400d:c02::5f|:443... , 173.194.74.95
Connecting to chart.googleapis.com|2607:f8b0:400d:c02::5f|:443... 2607:f8b0:400d:c02::5f, 173.194.74.95
Connecting to chart.googleapis.com|2607:f8b0:400d:c02::5f|:443... failed: Permission denied.
Connecting to chart.googleapis.com|173.194.74.95|:443... failed: Permission denied.
Connecting to chart.googleapis.com|173.194.74.95|:443... 2607:f8b0:400d:c02::5f, 173.194.74.95
2607:f8b0:400d:c02::5ffailed: Permission denied.
Connecting to chart.googleapis.com|2607:f8b0:400d:c02::5f|:443... , 173.194.74.95
2607:f8b0:400d:c02::5fConnecting to chart.googleapis.com|2607:f8b0:400d:c02::5f|:443... failed: Permission denied.
Connecting to chart.googleapis.com|173.194.74.95|:443... failed: Permission denied.
Connecting to chart.googleapis.com|173.194.74.95|:443... Connecting to chart.googleapis.com|173.194.74.95|:443... 2607:f8b0:400d:c02::5f, , 173.194.74.95173.194.74.952607:f8b0:400d:c02::5f

, Connecting to chart.googleapis.com|2607:f8b0:400d:c02::5f|:443... 173.194.74.95Connecting to chart.googleapis.com|2607:f8b0:400d:c02::5f|:443... 
Connecting to chart.googleapis.com|2607:f8b0:400d:c02::5f|:443... 2607:f8b0:400d:c02::5ffailed: Permission denied.
failed: Permission denied.
failed: Permission denied.
, Connecting to chart.googleapis.com|173.194.74.95|:443... Connecting to chart.googleapis.com|173.194.74.95|:443... 173.194.74.95Connecting to chart.googleapis.com|173.194.74.95|:443... 
Connecting to chart.googleapis.com|2607:f8b0:400d:c02::5f|:443... failed: Permission denied.
Connecting to chart.googleapis.com|173.194.74.95|:443... failed: Permission denied.
Connecting to chart.googleapis.com|173.194.74.95|:443... --2013-07-30 14:50:37--  https://chart.googleapis.com/chart?chst=d_map_pin_letter_withshadow&chld=2%7C66FFFF%7C000000
Resolving chart.googleapis.com... 2607:f8b0:400d:c02::5f, 173.194.74.95
Connecting to chart.googleapis.com|2607:f8b0:400d:c02::5f|:443... failed: Permission denied.
Connecting to chart.googleapis.com|173.194.74.95|:443... --2013-07-30 14:50:37--  https://chart.googleapis.com/chart?chst=d_map_pin_letter_withshadow&chld=3%7C66FFFF%7C000000
Resolving chart.googleapis.com... 2607:f8b0:400d:c02::5f, 173.194.74.95
Connecting to chart.googleapis.com|2607:f8b0:400d:c02::5f|:443... failed: Permission denied.
Connecting to chart.googleapis.com|173.194.74.95|:443... --2013-07-30 14:50:37--  https://chart.googleapis.com/chart?chst=d_map_pin_letter_withshadow&chld=4%7C66FFFF%7C000000
Resolving chart.googleapis.com... 2607:f8b0:400d:c02::5f, 173.194.74.95
Connecting to chart.googleapis.com|2607:f8b0:400d:c02::5f|:443... failed: Permission denied.
Connecting to chart.googleapis.com|173.194.74.95|:443... --2013-07-30 14:50:37--  https://chart.googleapis.com/chart?chst=d_map_pin_letter_withshadow&chld=5%7C66FFFF%7C000000
Resolving chart.googleapis.com... 2607:f8b0:400d:c02::5f, 173.194.74.95
Connecting to chart.googleapis.com|2607:f8b0:400d:c02::5f|:443... failed: Permission denied.
Connecting to chart.googleapis.com|173.194.74.95|:443... --2013-07-30 14:50:37--  https://chart.googleapis.com/chart?chst=d_map_pin_letter_withshadow&chld=6%7C66FFFF%7C000000
Resolving chart.googleapis.com... 2607:f8b0:400d:c02::5f, 173.194.74.95
Connecting to chart.googleapis.com|2607:f8b0:400d:c02::5f|:443... failed: Permission denied.
Connecting to chart.googleapis.com|173.194.74.95|:443... --2013-07-30 14:50:37--  https://chart.googleapis.com/chart?chst=d_map_pin_letter_withshadow&chld=7%7C66FFFF%7C000000
Resolving chart.googleapis.com... 2607:f8b0:400d:c02::5f, 173.194.74.95
Connecting to chart.googleapis.com|2607:f8b0:400d:c02::5f|:443... failed: Permission denied.
Connecting to chart.googleapis.com|173.194.74.95|:443... --2013-07-30 14:50:37--  https://chart.googleapis.com/chart?chst=d_map_pin_letter_withshadow&chld=8%7C66FFFF%7C000000
Resolving chart.googleapis.com... 2607:f8b0:400d:c02::5f, 173.194.74.95
Connecting to chart.googleapis.com|2607:f8b0:400d:c02::5f|:443... failed: Permission denied.
Connecting to chart.googleapis.com|173.194.74.95|:443... --2013-07-30 14:50:37--  https://chart.googleapis.com/chart?chst=d_map_pin_letter_withshadow&chld=9%7C66FFFF%7C000000
Resolving chart.googleapis.com... 2607:f8b0:400d:c02::5f, 173.194.74.95
Connecting to chart.googleapis.com|2607:f8b0:400d:c02::5f|:443... failed: Permission denied.
Connecting to chart.googleapis.com|173.194.74.95|:443... --2013-07-30 14:50:37--  https://chart.googleapis.com/chart?chst=d_map_pin_letter_withshadow&chld=%E2%88%AB%7C66FFFF%7C000000
Resolving chart.googleapis.com... 2607:f8b0:400d:c02::5f, 173.194.74.95
Connecting to chart.googleapis.com|2607:f8b0:400d:c02::5f|:443... failed: Permission denied.
Connecting to chart.googleapis.com|173.194.74.95|:443... --2013-07-30 14:50:37--  https://chart.googleapis.com/chart?chst=d_map_pin_letter_withshadow&chld=@%7C66FFFF%7C000000
Resolving chart.googleapis.com... 2607:f8b0:400d:c02::5f, 173.194.74.95
Connecting to chart.googleapis.com|2607:f8b0:400d:c02::5f|:443... failed: Permission denied.
Connecting to chart.googleapis.com|173.194.74.95|:443... --2013-07-30 14:50:37--  https://chart.googleapis.com/chart?chst=d_map_pin_letter_withshadow&chld=%C2%B5%7C66FFFF%7C000000
Resolving chart.googleapis.com... 2607:f8b0:400d:c02::5f, 173.194.74.95
Connecting to chart.googleapis.com|2607:f8b0:400d:c02::5f|:443... failed: Permission denied.
Connecting to chart.googleapis.com|173.194.74.95|:443... --2013-07-30 14:50:37--  https://chart.googleapis.com/chart?chst=d_map_pin_letter_withshadow&chld=%C3%91%7C66FFFF%7C000000
Resolving chart.googleapis.com... 2607:f8b0:400d:c02::5f, 173.194.74.95
Connecting to chart.googleapis.com|2607:f8b0:400d:c02::5f|:443... failed: Permission denied.
Connecting to chart.googleapis.com|173.194.74.95|:443... --2013-07-30 14:50:37--  https://chart.googleapis.com/chart?chst=d_map_pin_letter_withshadow&chld=$%7C66FFFF%7C000000
Resolving chart.googleapis.com... 2607:f8b0:400d:c02::5f, 173.194.74.95
Connecting to chart.googleapis.com|2607:f8b0:400d:c02::5f|:443... failed: Permission denied.
Connecting to chart.googleapis.com|173.194.74.95|:443... --2013-07-30 14:50:37--  https://chart.googleapis.com/chart?chst=d_map_pin_letter_withshadow&chld=%25%7C66FFFF%7C000000
Resolving chart.googleapis.com... 2607:f8b0:400d:c02::5f, 173.194.74.95
Connecting to chart.googleapis.com|2607:f8b0:400d:c02::5f|:443... failed: Permission denied.
Connecting to chart.googleapis.com|173.194.74.95|:443... --2013-07-30 14:50:37--  https://chart.googleapis.com/chart?chst=d_map_pin_letter_withshadow&chld=%26%7C66FFFF%7C000000
Resolving chart.googleapis.com... 2607:f8b0:400d:c02::5f, 173.194.74.95
Connecting to chart.googleapis.com|2607:f8b0:400d:c02::5f|:443... failed: Permission denied.
Connecting to chart.googleapis.com|173.194.74.95|:443... --2013-07-30 14:50:37--  https://chart.googleapis.com/chart?chst=d_map_pin_letter_withshadow&chld=*%7C66FFFF%7C000000
Resolving chart.googleapis.com... 2607:f8b0:400d:c02::5f, 173.194.74.95
Connecting to chart.googleapis.com|2607:f8b0:400d:c02::5f|:443... failed: Permission denied.
Connecting to chart.googleapis.com|173.194.74.95|:443... --2013-07-30 14:50:37--  https://chart.googleapis.com/chart?chst=d_map_pin_letter_withshadow&chld=%C2%A1%7C66FFFF%7C000000
Resolving chart.googleapis.com... 2607:f8b0:400d:c02::5f, 173.194.74.95
Connecting to chart.googleapis.com|2607:f8b0:400d:c02::5f|:443... failed: Permission denied.
Connecting to chart.googleapis.com|173.194.74.95|:443... --2013-07-30 14:50:37--  https://chart.googleapis.com/chart?chst=d_map_pin_letter_withshadow&chld=%C2%A3%7C66FFFF%7C000000
Resolving chart.googleapis.com... 2607:f8b0:400d:c02::5f, 173.194.74.95
Connecting to chart.googleapis.com|2607:f8b0:400d:c02::5f|:443... failed: Permission denied.
Connecting to chart.googleapis.com|173.194.74.95|:443... --2013-07-30 14:50:37--  https://chart.googleapis.com/chart?chst=d_map_pin_letter_withshadow&chld=%C2%A2%7C66FFFF%7C000000
Resolving chart.googleapis.com... 2607:f8b0:400d:c02::5f, 173.194.74.95
Connecting to chart.googleapis.com|2607:f8b0:400d:c02::5f|:443... failed: Permission denied.
Connecting to chart.googleapis.com|173.194.74.95|:443... --2013-07-30 14:50:37--  https://chart.googleapis.com/chart?chst=d_map_pin_letter_withshadow&chld=%E2%88%9E%7C66FFFF%7C000000
Resolving chart.googleapis.com... 2607:f8b0:400d:c02::5f, 173.194.74.95
Connecting to chart.googleapis.com|2607:f8b0:400d:c02::5f|:443... failed: Permission denied.
Connecting to chart.googleapis.com|173.194.74.95|:443... --2013-07-30 14:50:37--  https://chart.googleapis.com/chart?chst=d_map_pin_letter_withshadow&chld=%C2%A7%7C66FFFF%7C000000
Resolving chart.googleapis.com... 2607:f8b0:400d:c02::5f, 173.194.74.95
Connecting to chart.googleapis.com|2607:f8b0:400d:c02::5f|:443... failed: Permission denied.
Connecting to chart.googleapis.com|173.194.74.95|:443... --2013-07-30 14:50:37--  https://chart.googleapis.com/chart?chst=d_map_pin_letter_withshadow&chld=%C2%B6%7C66FFFF%7C000000
Resolving chart.googleapis.com... 2607:f8b0:400d:c02::5f, 173.194.74.95
Connecting to chart.googleapis.com|2607:f8b0:400d:c02::5f|:443... failed: Permission denied.
Connecting to chart.googleapis.com|173.194.74.95|:443... --2013-07-30 14:50:37--  https://chart.googleapis.com/chart?chst=d_map_pin_letter_withshadow&chld=%E2%80%A2%7C66FFFF%7C000000
Resolving chart.googleapis.com... 2607:f8b0:400d:c02::5f, 173.194.74.95
Connecting to chart.googleapis.com|2607:f8b0:400d:c02::5f|:443... failed: Permission denied.
Connecting to chart.googleapis.com|173.194.74.95|:443... connected.
connected.
connected.
connected.
--2013-07-30 14:50:37--  https://chart.googleapis.com/chart?chst=d_map_pin_letter_withshadow&chld=%C5%93%7C66FFFF%7C000000
Resolving chart.googleapis.com... 173.194.74.95, 2607:f8b0:400d:c02::5f
Connecting to chart.googleapis.com|173.194.74.95|:443... --2013-07-30 14:50:37--  https://chart.googleapis.com/chart?chst=d_map_pin_letter_withshadow&chld=%E2%88%91%7C66FFFF%7C000000
Resolving chart.googleapis.com... 173.194.74.95, 2607:f8b0:400d:c02::5f
Connecting to chart.googleapis.com|173.194.74.95|:443... --2013-07-30 14:50:37--  https://chart.googleapis.com/chart?chst=d_map_pin_letter_withshadow&chld=%C3%A5%7C66FFFF%7C000000
Resolving chart.googleapis.com... 173.194.74.95, 2607:f8b0:400d:c02::5f
Connecting to chart.googleapis.com|173.194.74.95|:443... --2013-07-30 14:50:37--  https://chart.googleapis.com/chart?chst=d_map_pin_letter_withshadow&chld=%C3%9F%7C66FFFF%7C000000
Resolving chart.googleapis.com... 173.194.74.95, 2607:f8b0:400d:c02::5f
Connecting to chart.googleapis.com|173.194.74.95|:443... --2013-07-30 14:50:37--  https://chart.googleapis.com/chart?chst=d_map_pin_letter_withshadow&chld=%E2%88%82%7C66FFFF%7C000000
Resolving chart.googleapis.com... 173.194.74.95, 2607:f8b0:400d:c02::5f
Connecting to chart.googleapis.com|173.194.74.95|:443... connected.
connected.
connected.
connected.
connected.
connected.
connected.
connected.
connected.
connected.
connected.
connected.
connected.
connected.
connected.
connected.
connected.
connected.
connected.
connected.
connected.
connected.
connected.
connected.
connected.
connected.
connected.
connected.
connected.
connected.
connected.
connected.
connected.
connected.
connected.
connected.
connected.
connected.
connected.
connected.
connected.
connected.
connected.
connected.
connected.
connected.
connected.
--2013-07-30 14:50:38--  https://chart.googleapis.com/chart?chst=d_map_pin_letter_withshadow&chld=%C6%92%7C66FFFF%7C000000
Resolving chart.googleapis.com... 173.194.74.95, 2607:f8b0:400d:c02::5f
Connecting to chart.googleapis.com|173.194.74.95|:443... connected.
connected.
connected.
connected.
connected.
connected.
HTTP request sent, awaiting response... HTTP request sent, awaiting response... HTTP request sent, awaiting response... HTTP request sent, awaiting response... HTTP request sent, awaiting response... HTTP request sent, awaiting response... HTTP request sent, awaiting response... HTTP request sent, awaiting response... HTTP request sent, awaiting response... HTTP request sent, awaiting response... HTTP request sent, awaiting response... HTTP request sent, awaiting response... HTTP request sent, awaiting response... HTTP request sent, awaiting response... HTTP request sent, awaiting response... HTTP request sent, awaiting response... HTTP request sent, awaiting response... HTTP request sent, awaiting response... HTTP request sent, awaiting response... HTTP request sent, awaiting response... HTTP request sent, awaiting response... HTTP request sent, awaiting response... HTTP request sent, awaiting response... HTTP request sent, awaiting response... HTTP request sent, awaiting response... HTTP request sent, awaiting response... HTTP request sent, awaiting response... HTTP request sent, awaiting response... HTTP request sent, awaiting response... HTTP request sent, awaiting response... HTTP request sent, awaiting response... HTTP request sent, awaiting response... HTTP request sent, awaiting response... HTTP request sent, awaiting response... HTTP request sent, awaiting response... HTTP request sent, awaiting response... HTTP request sent, awaiting response... HTTP request sent, awaiting response... HTTP request sent, awaiting response... HTTP request sent, awaiting response... HTTP request sent, awaiting response... HTTP request sent, awaiting response... HTTP request sent, awaiting response... HTTP request sent, awaiting response... HTTP request sent, awaiting response... HTTP request sent, awaiting response... HTTP request sent, awaiting response... HTTP request sent, awaiting response... HTTP request sent, awaiting response... HTTP request sent, awaiting response... 200 OK
Length: 1557 (1.5K) [image/png]
Saving to: `icon_0.png'

     0K .                                                     100% 3.36M=0s

2013-07-30 14:50:41 (3.36 MB/s) - `icon_0.png' saved [1557/1557]

200 OK
Length: 1562 (1.5K) [image/png]
Saving to: `icon_1.png'

     0K .                                                     100% 79.0K=0.02s

2013-07-30 14:50:41 (79.0 KB/s) - `icon_1.png' saved [1562/1562]

200 OK
Length: 1594 (1.6K) [image/png]
Saving to: `icon_2.png'

     0K .   HTTP request sent, awaiting response...                                                   100% 33.0M=0s

2013-07-30 14:50:41 (33.0 MB/s) - `icon_2.png' saved [1594/1594]

200 OK
Length: 1438 (1.4K) [image/png]
Saving to: `icon_7.png'

     0K .                                                     100% 31.9M=0s

2013-07-30 14:50:41 (31.9 MB/s) - `icon_7.png' saved [1438/1438]

HTTP request sent, awaiting response... HTTP request sent, awaiting response... HTTP request sent, awaiting response... 200 OK
Length: 1549 (1.5K) [image/png]
Saving to: `icon_10.png'

     0K .                                                     100%  155K=0.01s

2013-07-30 14:50:41 (155 KB/s) - `icon_10.png' saved [1549/1549]

200 OK
Length: 1443 (1.4K) [image/png]
Saving to: `icon_9.png'

     0K .        HTTP request sent, awaiting response... HTTP request sent, awaiting response...                                              100% 26.5M=0s

2013-07-30 14:50:41 (26.5 MB/s) - `icon_9.png' saved [1443/1443]

200 OK
Length: 1505 (1.5K) [image/png]
Saving to: `icon_3.png'
HTTP request sent, awaiting response... 
     0K .                                                     100% 14.1M=0s

2013-07-30 14:50:41 (14.1 MB/s) - `icon_3.png' saved [1505/1505]

200 OK
Length: 1426 (1.4K) [image/png]
Saving to: `icon_5.png'

     0K .                                                     100% 14.2M=0s

2013-07-30 14:50:41 (14.2 MB/s) - `icon_5.png' saved [1426/1426]

200 OK
Length: 1522 (1.5K) [image/png]
Saving to: `icon_17.png'

     0K .                                                     100% 14.0M=0s

2013-07-30 14:50:41 (14.0 MB/s) - `icon_17.png' saved [1522/1522]

200 OK
Length: 1352 (1.3K) [image/png]
Saving to: `icon_8.png'

     0K .                                                     100% 18.4M=0s

2013-07-30 14:50:41 (18.4 MB/s) - `icon_8.png' saved [1352/1352]

200 OK
Length: 1494 (1.5K) [image/png]
Saving to: `icon_13.png'

     0K .                                                     100% 23.0M=0s

2013-07-30 14:50:41 (23.0 MB/s) - `icon_13.png' saved [1494/1494]

200 OK
Length: 1444 (1.4K) [image/png]
Saving to: `icon_4.png'

     0K .                                                     100% 23.0M=0s

2013-07-30 14:50:41 (23.0 MB/s) - `icon_4.png' saved [1444/1444]

200 OK
Length: 1534 (1.5K) [image/png]
Saving to: `icon_12.png'

     0K .                                                     100% 31.1M=0s

2013-07-30 14:50:41 (31.1 MB/s) - `icon_12.png' saved [1534/1534]

200 OK
Length: 1627 (1.6K) [image/png]
Saving to: `icon_14.png'

     0K .                                                     100% 37.8M=0s

2013-07-30 14:50:41 (37.8 MB/s) - `icon_14.png' saved [1627/1627]

200 OK
Length: 1540 (1.5K) [image/png]
Saving to: `icon_21.png'

     0K .                                                     100% 32.6M=0s

2013-07-30 14:50:42 (32.6 MB/s) - `icon_21.png' saved [1540/1540]

200 OK
Length: 1482 (1.4K) [image/png]
Saving to: `icon_15.png'

     0K .                                                     100% 32.9M=0s

2013-07-30 14:50:42 (32.9 MB/s) - `icon_15.png' saved [1482/1482]

200 OK
Length: 1648 (1.6K) [image/png]
Saving to: `icon_16.png'

     0K .                                 200 OK
                    100%Length:  62.0K1391=0.03s

 (1.4K) [image/png]
Saving to: `icon_19.png'

     0K .                                                     100% 28.8M=0s

2013-07-30 14:50:42 (62.0 KB/s) - `icon_16.png' saved [1648/1648]

2013-07-30 14:50:42 (28.8 MB/s) - `icon_19.png' saved [1391/1391]

200 OK
Length: 1630 (1.6K) [image/png]
Saving to: `icon_22.png'

     0K .                                                     100% 33.1M=0s

2013-07-30 14:50:42 (33.1 MB/s) - `icon_22.png' saved [1630/1630]

200 OK
Length: 1473 (1.4K) [image/png]
Saving to: `icon_20.png'

     0K .                                                     100% 29.3M=0s

2013-07-30 14:50:42 (29.3 MB/s) - `icon_20.png' saved [1473/1473]

200 OK
Length: 1610 (1.6K) [image/png]
Saving to: `icon_23.png'

     0K .                                                     100% 32.7M=0s

2013-07-30 14:50:42 (32.7 MB/s) - `icon_23.png' saved [1610/1610]

200 OK
Length: 1636 (1.6K) [image/png]
Saving to: `icon_6.png'

     0K .                                 200 OK
                    100%Length:   156K1520=0.01s

 (1.5K) [image/png]
Saving to: `icon_24.png'

     0K .                                                     100% 30.8M=0s

2013-07-30 14:50:42 (156 KB/s) - `icon_6.png' saved [1636/1636]

2013-07-30 14:50:42 (30.8 MB/s) - `icon_24.png' saved [1520/1520]

200 OK
Length: 1377 (1.3K) [image/png]
Saving to: `icon_27.png'

     0K .                                                     100% 30.5M=0s

2013-07-30 14:50:42 (30.5 MB/s) - `icon_27.png' saved [1377/1377]

200 OK
Length: 1553 (1.5K) [image/png]
Saving to: `icon_26.png'

     0K .                                                     100% 40.0M=0s

2013-07-30 14:50:42 (40.0 MB/s) - `icon_26.png' saved [1553/1553]

200 OK
Length: 1505 (1.5K) [image/png]
Saving to: `icon_25.png'

     0K .                                                     100% 31.2M=0s

2013-07-30 14:50:42 (31.2 MB/s) - `icon_25.png' saved [1505/1505]

200 OK
Length: 1640 (1.6K) [image/png]
Saving to: `icon_18.png'

     0K .                                                     100% 32.6M=0s

2013-07-30 14:50:42 (32.6 MB/s) - `icon_18.png' saved [1640/1640]

200 OK
Length: 1395 (1.4K) [image/png]
Saving to: `icon_11.png'

     0K .                                                     100% 21.5M=0s

2013-07-30 14:50:42 (21.5 MB/s) - `icon_11.png' saved [1395/1395]

200 OK
Length: 1563 (1.5K) [image/png]
Saving to: `icon_28.png'

     0K .                                                     100% 26.6M=0s

2013-07-30 14:50:42 (26.6 MB/s) - `icon_28.png' saved [1563/1563]

200 OK
Length: 1584 (1.5K) [image/png]
Saving to: `icon_29.png'

     0K .                                                     100% 30.8M=0s

2013-07-30 14:50:42 (30.8 MB/s) - `icon_29.png' saved [1584/1584]

200 OK
Length: 1476 (1.4K) [image/png]
Saving to: `icon_30.png'

     0K .                                                     100% 26.1M=0s

2013-07-30 14:50:42 (26.1 MB/s) - `icon_30.png' saved [1476/1476]

200 OK
Length: 1560 (1.5K) [image/png]
Saving to: `icon_31.png'

     0K .                                                     100% 31.0M=0s

2013-07-30 14:50:42 (31.0 MB/s) - `icon_31.png' saved [1560/1560]

200 OK
Length: 1610 (1.6K) [image/png]
Saving to: `icon_32.png'

     0K .                                                     100% 28.4M=0s

2013-07-30 14:50:42 (28.4 MB/s) - `icon_32.png' saved [1610/1610]

200 OK
Length: 1476 (1.4K) [image/png]
Saving to: `icon_33.png'

     0K .                                                     100% 28.7M=0s

2013-07-30 14:50:42 (28.7 MB/s) - `icon_33.png' saved [1476/1476]

200 OK
Length: 1623 (1.6K) [image/png]
Saving to: `icon_34.png'

     0K .                                                     100% 48.4M=0s

2013-07-30 14:50:42 (48.4 MB/s) - `icon_34.png' saved [1623/1623]

200 OK
Length: 1607 (1.6K) [image/png]
Saving to: `icon_35.png'

     0K .                                                     100% 33.3M=0s

2013-07-30 14:50:42 (33.3 MB/s) - `icon_35.png' saved [1607/1607]

200 OK
Length: 1442 (1.4K) [image/png]
Saving to: `icon_36.png'

     0K .                                                     100%  152K=0.009s

2013-07-30 14:50:42 (152 KB/s) - `icon_36.png' saved [1442/1442]

200 OK
Length: 1819 (1.8K) [image/png]
Saving to: `icon_37.png'

     0K .                                                     100% 28.4M=0s

2013-07-30 14:50:42 (28.4 MB/s) - `icon_37.png' saved [1819/1819]

200 OK
Length: 1459 (1.4K) [image/png]
Saving to: `icon_38.png'

     0K .                                                     100% 13.5M=0s

2013-07-30 14:50:42 (13.5 MB/s) - `icon_38.png' saved [1459/1459]

200 OK
Length: 1618 (1.6K) [image/png]
Saving to: `icon_40.png'

     0K .                                                     100% 18.8M=0s

2013-07-30 14:50:42 (18.8 MB/s) - `icon_40.png' saved [1618/1618]

200 OK
Length: 1518 (1.5K) [image/png]
Saving to: `icon_39.png'

     0K .                                                     100% 17.9M=0s

2013-07-30 14:50:42 (17.9 MB/s) - `icon_39.png' saved [1518/1518]

200 OK
Length: 1596 (1.6K) [image/png]
Saving to: `icon_42.png'

     0K .                                                     100% 21.4M=0s

2013-07-30 14:50:42 (21.4 MB/s) - `icon_42.png' saved [1596/1596]

200 OK
Length: 1663 (1.6K) [image/png]
Saving to: `icon_41.png'

     0K .                                                     100% 21.7M=0s

2013-07-30 14:50:42 (21.7 MB/s) - `icon_41.png' saved [1663/1663]

200 OK
Length: 1411 (1.4K) [image/png]
Saving to: `icon_44.png'

     0K .                                                     100% 13.1M=0s

2013-07-30 14:50:42 (13.1 MB/s) - `icon_44.png' saved [1411/1411]

200 OK
Length: 1442 (1.4K) [image/png]
Saving to: `icon_43.png'

     0K .                                                     100% 15.1M=0s

2013-07-30 14:50:42 (15.1 MB/s) - `icon_43.png' saved [1442/1442]

200 OK
Length: 1605 (1.6K) [image/png]
Saving to: `icon_45.png'

     0K .                                                     100% 14.2M=0s

2013-07-30 14:50:42 (14.2 MB/s) - `icon_45.png' saved [1605/1605]

200 OK
Length: 1546 (1.5K) [image/png]
Saving to: `icon_47.png'

     0K .                                                     100% 13.7M=0s

2013-07-30 14:50:42 (13.7 MB/s) - `icon_47.png' saved [1546/1546]

200 OK
Length: 1566 (1.5K) [image/png]
Saving to: `icon_46.png'

     0K .                                                     100% 18.9M=0s

2013-07-30 14:50:42 (18.9 MB/s) - `icon_46.png' saved [1566/1566]

200 OK
Length: 1644 (1.6K) [image/png]
Saving to: `icon_48.png'

     0K .                                                     100% 26.1M=0s

2013-07-30 14:50:42 (26.1 MB/s) - `icon_48.png' saved [1644/1644]

200 OK
200 OK
Length: Length: 14661423 (1.4K) (1.4K) [image/png]
 [image/png]
Saving to: `icon_49.png'
Saving to: `icon_50.png'

     0K .  
     0K   .                                                                                                  100%   22.2M =0s 

100% 18.3M=0s

2013-07-30 14:50:42 (22.2 MB/s) - `icon_49.png' saved [1466/1466]

2013-07-30 14:50:42 (18.3 MB/s) - `icon_50.png' saved [1423/1423]

200 OK
Length: 1671 (1.6K) [image/png]
Saving to: `icon_51.png'

     0K .                                                     100% 38.9M=0s

2013-07-30 14:50:42 (38.9 MB/s) - `icon_51.png' saved [1671/1671]

200 OK
Length: 1549 (1.5K) [image/png]
Saving to: `icon_52.png'

     0K .                                                     100% 36.0M=0s

2013-07-30 14:50:43 (36.0 MB/s) - `icon_52.png' saved [1549/1549]

200 OK
Length: 1579 (1.5K) [image/png]
Saving to: `icon_53.png'

     0K .                                                     100% 39.6M=0s

2013-07-30 14:50:43 (39.6 MB/s) - `icon_53.png' saved [1579/1579]

200 OK
Length: 1555 (1.5K) [image/png]
Saving to: `icon_54.png'

     0K .                                                     100% 38.0M=0s

2013-07-30 14:50:43 (38.0 MB/s) - `icon_54.png' saved [1555/1555]

200 OK
Length: 1606 (1.6K) [image/png]
Saving to: `icon_55.png'

     0K .                                                     100% 33.3M=0s

2013-07-30 14:50:43 (33.3 MB/s) - `icon_55.png' saved [1606/1606]

200 OK
Length: 1540 (1.5K) [image/png]
Saving to: `icon_56.png'

     0K .                                                     100% 38.6M=0s

2013-07-30 14:50:43 (38.6 MB/s) - `icon_56.png' saved [1540/1540]

