--2013-07-30 14:47:16--  https://chart.googleapis.com/chart?chst=d_map_pin_letter_withshadow&chld=B%7C6666FF%7C000000
--2013-07-30 14:47:16--  https://chart.googleapis.com/chart?chst=d_map_pin_letter_withshadow&chld=A%7C6666FF%7C000000
--2013-07-30 14:47:16--  https://chart.googleapis.com/chart?chst=d_map_pin_letter_withshadow&chld=C%7C6666FF%7C000000
--2013-07-30 14:47:16--  https://chart.googleapis.com/chart?chst=d_map_pin_letter_withshadow&chld=K%7C6666FF%7C000000
--2013-07-30 14:47:16--  https://chart.googleapis.com/chart?chst=d_map_pin_letter_withshadow&chld=F%7C6666FF%7C000000
--2013-07-30 14:47:16--  https://chart.googleapis.com/chart?chst=d_map_pin_letter_withshadow&chld=N%7C6666FF%7C000000
--2013-07-30 14:47:16--  https://chart.googleapis.com/chart?chst=d_map_pin_letter_withshadow&chld=H%7C6666FF%7C000000
--2013-07-30 14:47:16--  https://chart.googleapis.com/chart?chst=d_map_pin_letter_withshadow&chld=L%7C6666FF%7C000000
--2013-07-30 14:47:16--  https://chart.googleapis.com/chart?chst=d_map_pin_letter_withshadow&chld=G%7C6666FF%7C000000
--2013-07-30 14:47:16--  https://chart.googleapis.com/chart?chst=d_map_pin_letter_withshadow&chld=E%7C6666FF%7C000000
--2013-07-30 14:47:16--  https://chart.googleapis.com/chart?chst=d_map_pin_letter_withshadow&chld=M%7C6666FF%7C000000
--2013-07-30 14:47:16--  https://chart.googleapis.com/chart?chst=d_map_pin_letter_withshadow&chld=J%7C6666FF%7C000000
--2013-07-30 14:47:16--  https://chart.googleapis.com/chart?chst=d_map_pin_letter_withshadow&chld=D%7C6666FF%7C000000
--2013-07-30 14:47:16--  https://chart.googleapis.com/chart?chst=d_map_pin_letter_withshadow&chld=I%7C6666FF%7C000000
--2013-07-30 14:47:16--  https://chart.googleapis.com/chart?chst=d_map_pin_letter_withshadow&chld=O%7C6666FF%7C000000
--2013-07-30 14:47:16--  https://chart.googleapis.com/chart?chst=d_map_pin_letter_withshadow&chld=P%7C6666FF%7C000000
--2013-07-30 14:47:16--  https://chart.googleapis.com/chart?chst=d_map_pin_letter_withshadow&chld=Q%7C6666FF%7C000000
Resolving chart.googleapis.com... Resolving chart.googleapis.com... Resolving chart.googleapis.com... Resolving chart.googleapis.com... Resolving chart.googleapis.com... Resolving chart.googleapis.com... Resolving chart.googleapis.com... Resolving chart.googleapis.com... Resolving chart.googleapis.com... Resolving chart.googleapis.com... Resolving chart.googleapis.com... Resolving chart.googleapis.com... Resolving chart.googleapis.com... Resolving chart.googleapis.com... Resolving chart.googleapis.com... Resolving chart.googleapis.com... Resolving chart.googleapis.com... --2013-07-30 14:47:16--  https://chart.googleapis.com/chart?chst=d_map_pin_letter_withshadow&chld=R%7C6666FF%7C000000
Resolving chart.googleapis.com... --2013-07-30 14:47:16--  https://chart.googleapis.com/chart?chst=d_map_pin_letter_withshadow&chld=S%7C6666FF%7C000000
Resolving chart.googleapis.com... --2013-07-30 14:47:16--  https://chart.googleapis.com/chart?chst=d_map_pin_letter_withshadow&chld=T%7C6666FF%7C000000
Resolving chart.googleapis.com... --2013-07-30 14:47:16--  https://chart.googleapis.com/chart?chst=d_map_pin_letter_withshadow&chld=U%7C6666FF%7C000000
Resolving chart.googleapis.com... --2013-07-30 14:47:16--  https://chart.googleapis.com/chart?chst=d_map_pin_letter_withshadow&chld=V%7C6666FF%7C000000
Resolving chart.googleapis.com... --2013-07-30 14:47:17--  https://chart.googleapis.com/chart?chst=d_map_pin_letter_withshadow&chld=W%7C6666FF%7C000000
Resolving chart.googleapis.com... --2013-07-30 14:47:17--  https://chart.googleapis.com/chart?chst=d_map_pin_letter_withshadow&chld=X%7C6666FF%7C000000
Resolving chart.googleapis.com... --2013-07-30 14:47:17--  https://chart.googleapis.com/chart?chst=d_map_pin_letter_withshadow&chld=Y%7C6666FF%7C000000
Resolving chart.googleapis.com... --2013-07-30 14:47:17--  https://chart.googleapis.com/chart?chst=d_map_pin_letter_withshadow&chld=Z%7C6666FF%7C000000
Resolving chart.googleapis.com... --2013-07-30 14:47:17--  https://chart.googleapis.com/chart?chst=d_map_pin_letter_withshadow&chld=0%7C6666FF%7C000000
Resolving chart.googleapis.com... --2013-07-30 14:47:17--  https://chart.googleapis.com/chart?chst=d_map_pin_letter_withshadow&chld=1%7C6666FF%7C000000
Resolving chart.googleapis.com... --2013-07-30 14:47:17--  https://chart.googleapis.com/chart?chst=d_map_pin_letter_withshadow&chld=2%7C6666FF%7C000000
Resolving chart.googleapis.com... --2013-07-30 14:47:17--  https://chart.googleapis.com/chart?chst=d_map_pin_letter_withshadow&chld=3%7C6666FF%7C000000
Resolving chart.googleapis.com... --2013-07-30 14:47:17--  https://chart.googleapis.com/chart?chst=d_map_pin_letter_withshadow&chld=4%7C6666FF%7C000000
Resolving chart.googleapis.com... --2013-07-30 14:47:17--  https://chart.googleapis.com/chart?chst=d_map_pin_letter_withshadow&chld=5%7C6666FF%7C000000
Resolving chart.googleapis.com... --2013-07-30 14:47:17--  https://chart.googleapis.com/chart?chst=d_map_pin_letter_withshadow&chld=6%7C6666FF%7C000000
Resolving chart.googleapis.com... --2013-07-30 14:47:17--  https://chart.googleapis.com/chart?chst=d_map_pin_letter_withshadow&chld=7%7C6666FF%7C000000
Resolving chart.googleapis.com... --2013-07-30 14:47:17--  https://chart.googleapis.com/chart?chst=d_map_pin_letter_withshadow&chld=8%7C6666FF%7C000000
Resolving chart.googleapis.com... --2013-07-30 14:47:17--  https://chart.googleapis.com/chart?chst=d_map_pin_letter_withshadow&chld=9%7C6666FF%7C000000
Resolving chart.googleapis.com... --2013-07-30 14:47:17--  https://chart.googleapis.com/chart?chst=d_map_pin_letter_withshadow&chld=%E2%88%AB%7C6666FF%7C000000
Resolving chart.googleapis.com... --2013-07-30 14:47:17--  https://chart.googleapis.com/chart?chst=d_map_pin_letter_withshadow&chld=@%7C6666FF%7C000000
Resolving chart.googleapis.com... --2013-07-30 14:47:17--  https://chart.googleapis.com/chart?chst=d_map_pin_letter_withshadow&chld=%C2%B5%7C6666FF%7C000000
Resolving chart.googleapis.com... --2013-07-30 14:47:17--  https://chart.googleapis.com/chart?chst=d_map_pin_letter_withshadow&chld=%C3%91%7C6666FF%7C000000
Resolving chart.googleapis.com... --2013-07-30 14:47:17--  https://chart.googleapis.com/chart?chst=d_map_pin_letter_withshadow&chld=$%7C6666FF%7C000000
Resolving chart.googleapis.com... --2013-07-30 14:47:17--  https://chart.googleapis.com/chart?chst=d_map_pin_letter_withshadow&chld=%25%7C6666FF%7C000000
Resolving chart.googleapis.com... --2013-07-30 14:47:17--  https://chart.googleapis.com/chart?chst=d_map_pin_letter_withshadow&chld=%26%7C6666FF%7C000000
Resolving chart.googleapis.com... --2013-07-30 14:47:17--  https://chart.googleapis.com/chart?chst=d_map_pin_letter_withshadow&chld=*%7C6666FF%7C000000
Resolving chart.googleapis.com... --2013-07-30 14:47:17--  https://chart.googleapis.com/chart?chst=d_map_pin_letter_withshadow&chld=%C2%A1%7C6666FF%7C000000
Resolving chart.googleapis.com... --2013-07-30 14:47:17--  https://chart.googleapis.com/chart?chst=d_map_pin_letter_withshadow&chld=%C2%A3%7C6666FF%7C000000
Resolving chart.googleapis.com... --2013-07-30 14:47:17--  https://chart.googleapis.com/chart?chst=d_map_pin_letter_withshadow&chld=%C2%A2%7C6666FF%7C000000
Resolving chart.googleapis.com... --2013-07-30 14:47:17--  https://chart.googleapis.com/chart?chst=d_map_pin_letter_withshadow&chld=%E2%88%9E%7C6666FF%7C000000
Resolving chart.googleapis.com... --2013-07-30 14:47:17--  https://chart.googleapis.com/chart?chst=d_map_pin_letter_withshadow&chld=%C2%A7%7C6666FF%7C000000
Resolving chart.googleapis.com... --2013-07-30 14:47:17--  https://chart.googleapis.com/chart?chst=d_map_pin_letter_withshadow&chld=%C2%B6%7C6666FF%7C000000
Resolving chart.googleapis.com... --2013-07-30 14:47:17--  https://chart.googleapis.com/chart?chst=d_map_pin_letter_withshadow&chld=%E2%80%A2%7C6666FF%7C000000
Resolving chart.googleapis.com... --2013-07-30 14:47:17--  https://chart.googleapis.com/chart?chst=d_map_pin_letter_withshadow&chld=%C5%93%7C6666FF%7C000000
Resolving chart.googleapis.com... --2013-07-30 14:47:17--  https://chart.googleapis.com/chart?chst=d_map_pin_letter_withshadow&chld=%E2%88%91%7C6666FF%7C000000
Resolving chart.googleapis.com... --2013-07-30 14:47:17--  https://chart.googleapis.com/chart?chst=d_map_pin_letter_withshadow&chld=%C3%A5%7C6666FF%7C000000
Resolving chart.googleapis.com... --2013-07-30 14:47:17--  https://chart.googleapis.com/chart?chst=d_map_pin_letter_withshadow&chld=%C3%9F%7C6666FF%7C000000
Resolving chart.googleapis.com... --2013-07-30 14:47:17--  https://chart.googleapis.com/chart?chst=d_map_pin_letter_withshadow&chld=%E2%88%82%7C6666FF%7C000000
Resolving chart.googleapis.com... --2013-07-30 14:47:17--  https://chart.googleapis.com/chart?chst=d_map_pin_letter_withshadow&chld=%C6%92%7C6666FF%7C000000
Resolving chart.googleapis.com... 2607:f8b0:400d:c02::5f2607:f8b0:400d:c02::5f, , 173.194.74.95173.194.74.95

Connecting to chart.googleapis.com|2607:f8b0:400d:c02::5f|:443... Connecting to chart.googleapis.com|2607:f8b0:400d:c02::5f|:443... failed: Permission denied.
failed: Permission denied.
2607:f8b0:400d:c02::5fConnecting to chart.googleapis.com|173.194.74.95|:443... , Connecting to chart.googleapis.com|173.194.74.95|:443... 173.194.74.95
Connecting to chart.googleapis.com|2607:f8b0:400d:c02::5f|:443... 2607:f8b0:400d:c02::5f, 173.194.74.95
Connecting to chart.googleapis.com|2607:f8b0:400d:c02::5f|:443... failed: Permission denied.
Connecting to chart.googleapis.com|173.194.74.95|:443... failed: Permission denied.
2607:f8b0:400d:c02::5fConnecting to chart.googleapis.com|173.194.74.95|:443... , 173.194.74.95
Connecting to chart.googleapis.com|2607:f8b0:400d:c02::5f|:443... 2607:f8b0:400d:c02::5f, 173.194.74.95
Connecting to chart.googleapis.com|2607:f8b0:400d:c02::5f|:443... failed: Permission denied.
Connecting to chart.googleapis.com|173.194.74.95|:443... failed: Permission denied.
Connecting to chart.googleapis.com|173.194.74.95|:443... 2607:f8b0:400d:c02::5f, 173.194.74.95
Connecting to chart.googleapis.com|2607:f8b0:400d:c02::5f|:443... 2607:f8b0:400d:c02::5f, 173.194.74.95
Connecting to chart.googleapis.com|2607:f8b0:400d:c02::5f|:443... 2607:f8b0:400d:c02::5ffailed: Permission denied.
, 2607:f8b0:400d:c02::5f173.194.74.95Connecting to chart.googleapis.com|173.194.74.95|:443... , 
failed: Permission denied.
173.194.74.95Connecting to chart.googleapis.com|2607:f8b0:400d:c02::5f|:443... 
Connecting to chart.googleapis.com|173.194.74.95|:443... Connecting to chart.googleapis.com|2607:f8b0:400d:c02::5f|:443... failed: Permission denied.
failed: Permission denied.
Connecting to chart.googleapis.com|173.194.74.95|:443... Connecting to chart.googleapis.com|173.194.74.95|:443... 2607:f8b0:400d:c02::5f, 173.194.74.95
Connecting to chart.googleapis.com|2607:f8b0:400d:c02::5f|:443... 2607:f8b0:400d:c02::5f, 173.194.74.95
Connecting to chart.googleapis.com|2607:f8b0:400d:c02::5f|:443... failed: Permission denied.
Connecting to chart.googleapis.com|173.194.74.95|:443... failed: Permission denied.
Connecting to chart.googleapis.com|173.194.74.95|:443... 2607:f8b0:400d:c02::5f, 173.194.74.95
Connecting to chart.googleapis.com|2607:f8b0:400d:c02::5f|:443... 2607:f8b0:400d:c02::5f, 173.194.74.95
Connecting to chart.googleapis.com|2607:f8b0:400d:c02::5f|:443... 2607:f8b0:400d:c02::5ffailed: Permission denied.
, Connecting to chart.googleapis.com|173.194.74.95|:443... 173.194.74.95
Connecting to chart.googleapis.com|2607:f8b0:400d:c02::5f|:443... failed: Permission denied.
Connecting to chart.googleapis.com|173.194.74.95|:443... 2607:f8b0:400d:c02::5f2607:f8b0:400d:c02::5f, , failed: Permission denied.
173.194.74.95173.194.74.95

Connecting to chart.googleapis.com|173.194.74.95|:443... Connecting to chart.googleapis.com|2607:f8b0:400d:c02::5f|:443... Connecting to chart.googleapis.com|2607:f8b0:400d:c02::5f|:443... 2607:f8b0:400d:c02::5f, failed: Permission denied.
failed: Permission denied.
173.194.74.95Connecting to chart.googleapis.com|173.194.74.95|:443... Connecting to chart.googleapis.com|173.194.74.95|:443... 
Connecting to chart.googleapis.com|2607:f8b0:400d:c02::5f|:443... 2607:f8b0:400d:c02::5f, 173.194.74.95
Connecting to chart.googleapis.com|2607:f8b0:400d:c02::5f|:443... failed: Permission denied.
Connecting to chart.googleapis.com|173.194.74.95|:443... failed: Permission denied.
Connecting to chart.googleapis.com|173.194.74.95|:443... 2607:f8b0:400d:c02::5f, 173.194.74.95
2607:f8b0:400d:c02::5fConnecting to chart.googleapis.com|2607:f8b0:400d:c02::5f|:443... , 173.194.74.95
Connecting to chart.googleapis.com|2607:f8b0:400d:c02::5f|:443... failed: Permission denied.
2607:f8b0:400d:c02::5fConnecting to chart.googleapis.com|173.194.74.95|:443... , failed: Permission denied.
173.194.74.95
Connecting to chart.googleapis.com|173.194.74.95|:443... Connecting to chart.googleapis.com|2607:f8b0:400d:c02::5f|:443... 2607:f8b0:400d:c02::5ffailed: Permission denied.
, 2607:f8b0:400d:c02::5fConnecting to chart.googleapis.com|173.194.74.95|:443... 173.194.74.95, 
173.194.74.95Connecting to chart.googleapis.com|2607:f8b0:400d:c02::5f|:443... 
Connecting to chart.googleapis.com|2607:f8b0:400d:c02::5f|:443... 2607:f8b0:400d:c02::5f, 173.194.74.95
Connecting to chart.googleapis.com|2607:f8b0:400d:c02::5f|:443... failed: Permission denied.
Connecting to chart.googleapis.com|173.194.74.95|:443... failed: Permission denied.
Connecting to chart.googleapis.com|173.194.74.95|:443... 2607:f8b0:400d:c02::5f, failed: Permission denied.
173.194.74.95
Connecting to chart.googleapis.com|173.194.74.95|:443... Connecting to chart.googleapis.com|2607:f8b0:400d:c02::5f|:443... failed: Permission denied.
Connecting to chart.googleapis.com|173.194.74.95|:443... 2607:f8b0:400d:c02::5f2607:f8b0:400d:c02::5f, , 173.194.74.95173.194.74.95

Connecting to chart.googleapis.com|2607:f8b0:400d:c02::5f|:443... Connecting to chart.googleapis.com|2607:f8b0:400d:c02::5f|:443... failed: Permission denied.
failed: Permission denied.
2607:f8b0:400d:c02::5fConnecting to chart.googleapis.com|173.194.74.95|:443... Connecting to chart.googleapis.com|173.194.74.95|:443... , 173.194.74.95
Connecting to chart.googleapis.com|2607:f8b0:400d:c02::5f|:443... failed: Permission denied.
Connecting to chart.googleapis.com|173.194.74.95|:443... 2607:f8b0:400d:c02::5f, 173.194.74.95
Connecting to chart.googleapis.com|2607:f8b0:400d:c02::5f|:443... 2607:f8b0:400d:c02::5ffailed: Permission denied.
, Connecting to chart.googleapis.com|173.194.74.95|:443... 173.194.74.95
2607:f8b0:400d:c02::5f, Connecting to chart.googleapis.com|2607:f8b0:400d:c02::5f|:443... 173.194.74.95
Connecting to chart.googleapis.com|2607:f8b0:400d:c02::5f|:443... 2607:f8b0:400d:c02::5f, 173.194.74.95
Connecting to chart.googleapis.com|2607:f8b0:400d:c02::5f|:443... 2607:f8b0:400d:c02::5f, 173.194.74.95failed: Permission denied.
failed: Permission denied.

Connecting to chart.googleapis.com|173.194.74.95|:443... Connecting to chart.googleapis.com|173.194.74.95|:443... Connecting to chart.googleapis.com|2607:f8b0:400d:c02::5f|:443... 2607:f8b0:400d:c02::5f, failed: Permission denied.
173.194.74.95
Connecting to chart.googleapis.com|173.194.74.95|:443... Connecting to chart.googleapis.com|2607:f8b0:400d:c02::5f|:443... failed: Permission denied.
Connecting to chart.googleapis.com|173.194.74.95|:443... failed: Permission denied.
Connecting to chart.googleapis.com|173.194.74.95|:443... 173.194.74.95, 2607:f8b0:400d:c02::5f
Connecting to chart.googleapis.com|173.194.74.95|:443... 2607:f8b0:400d:c02::5f, 2607:f8b0:400d:c02::5f173.194.74.95, 
173.194.74.95Connecting to chart.googleapis.com|2607:f8b0:400d:c02::5f|:443... 
Connecting to chart.googleapis.com|2607:f8b0:400d:c02::5f|:443... failed: Permission denied.
Connecting to chart.googleapis.com|173.194.74.95|:443... 2607:f8b0:400d:c02::5ffailed: Permission denied.
, Connecting to chart.googleapis.com|173.194.74.95|:443... 173.194.74.95
Connecting to chart.googleapis.com|2607:f8b0:400d:c02::5f|:443... 2607:f8b0:400d:c02::5f, 173.194.74.95
2607:f8b0:400d:c02::5fConnecting to chart.googleapis.com|2607:f8b0:400d:c02::5f|:443... , 173.194.74.95
failed: Permission denied.
Connecting to chart.googleapis.com|2607:f8b0:400d:c02::5f|:443... Connecting to chart.googleapis.com|173.194.74.95|:443... 2607:f8b0:400d:c02::5f, failed: Permission denied.
173.194.74.95
Connecting to chart.googleapis.com|173.194.74.95|:443... Connecting to chart.googleapis.com|2607:f8b0:400d:c02::5f|:443... failed: Permission denied.
Connecting to chart.googleapis.com|173.194.74.95|:443... 173.194.74.95failed: Permission denied.
, 2607:f8b0:400d:c02::5fConnecting to chart.googleapis.com|173.194.74.95|:443... 
Connecting to chart.googleapis.com|173.194.74.95|:443... 2607:f8b0:400d:c02::5f, 173.194.74.952607:f8b0:400d:c02::5f2607:f8b0:400d:c02::5f
, , Connecting to chart.googleapis.com|2607:f8b0:400d:c02::5f|:443... 173.194.74.952607:f8b0:400d:c02::5f
, 173.194.74.95Connecting to chart.googleapis.com|2607:f8b0:400d:c02::5f|:443... 
173.194.74.95
Connecting to chart.googleapis.com|2607:f8b0:400d:c02::5f|:443... Connecting to chart.googleapis.com|2607:f8b0:400d:c02::5f|:443... failed: Permission denied.
Connecting to chart.googleapis.com|173.194.74.95|:443... failed: Permission denied.
Connecting to chart.googleapis.com|173.194.74.95|:443... failed: Permission denied.
failed: Permission denied.
Connecting to chart.googleapis.com|173.194.74.95|:443... Connecting to chart.googleapis.com|173.194.74.95|:443... 2607:f8b0:400d:c02::5f, 173.194.74.95
Connecting to chart.googleapis.com|2607:f8b0:400d:c02::5f|:443... 2607:f8b0:400d:c02::5f, 173.194.74.952607:f8b0:400d:c02::5f
, Connecting to chart.googleapis.com|2607:f8b0:400d:c02::5f|:443... 173.194.74.95
Connecting to chart.googleapis.com|2607:f8b0:400d:c02::5f|:443... failed: Permission denied.
Connecting to chart.googleapis.com|173.194.74.95|:443... 2607:f8b0:400d:c02::5f, 173.194.74.95
failed: Permission denied.
Connecting to chart.googleapis.com|2607:f8b0:400d:c02::5f|:443... Connecting to chart.googleapis.com|173.194.74.95|:443... failed: Permission denied.
Connecting to chart.googleapis.com|173.194.74.95|:443... failed: Permission denied.
Connecting to chart.googleapis.com|173.194.74.95|:443... 2607:f8b0:400d:c02::5f, 173.194.74.95
Connecting to chart.googleapis.com|2607:f8b0:400d:c02::5f|:443... 173.194.74.95, 2607:f8b0:400d:c02::5f2607:f8b0:400d:c02::5f
, 173.194.74.95Connecting to chart.googleapis.com|173.194.74.95|:443... 
Connecting to chart.googleapis.com|2607:f8b0:400d:c02::5f|:443... failed: Permission denied.
Connecting to chart.googleapis.com|173.194.74.95|:443... failed: Permission denied.
Connecting to chart.googleapis.com|173.194.74.95|:443... 2607:f8b0:400d:c02::5f, 173.194.74.95
2607:f8b0:400d:c02::5fConnecting to chart.googleapis.com|2607:f8b0:400d:c02::5f|:443... , 173.194.74.95
Connecting to chart.googleapis.com|2607:f8b0:400d:c02::5f|:443... 2607:f8b0:400d:c02::5f, 173.194.74.95failed: Permission denied.

Connecting to chart.googleapis.com|173.194.74.95|:443... failed: Permission denied.
Connecting to chart.googleapis.com|2607:f8b0:400d:c02::5f|:443... Connecting to chart.googleapis.com|173.194.74.95|:443... failed: Permission denied.
Connecting to chart.googleapis.com|173.194.74.95|:443... connected.
connected.
connected.
connected.
connected.
connected.
connected.
connected.
connected.
connected.
connected.
connected.
connected.
connected.
connected.
connected.
connected.
connected.
connected.
connected.
connected.
connected.
connected.
connected.
connected.
connected.
connected.
connected.
connected.
connected.
connected.
connected.
connected.
connected.
connected.
connected.
connected.
connected.
connected.
connected.
connected.
connected.
connected.
connected.
connected.
connected.
connected.
connected.
connected.
connected.
connected.
connected.
connected.
connected.
connected.
connected.
connected.
HTTP request sent, awaiting response... HTTP request sent, awaiting response... HTTP request sent, awaiting response... HTTP request sent, awaiting response... HTTP request sent, awaiting response... HTTP request sent, awaiting response... HTTP request sent, awaiting response... HTTP request sent, awaiting response... HTTP request sent, awaiting response... HTTP request sent, awaiting response... HTTP request sent, awaiting response... HTTP request sent, awaiting response... HTTP request sent, awaiting response... HTTP request sent, awaiting response... HTTP request sent, awaiting response... HTTP request sent, awaiting response... HTTP request sent, awaiting response... HTTP request sent, awaiting response... HTTP request sent, awaiting response... HTTP request sent, awaiting response... HTTP request sent, awaiting response... HTTP request sent, awaiting response... HTTP request sent, awaiting response... HTTP request sent, awaiting response... HTTP request sent, awaiting response... HTTP request sent, awaiting response... HTTP request sent, awaiting response... HTTP request sent, awaiting response... HTTP request sent, awaiting response... HTTP request sent, awaiting response... HTTP request sent, awaiting response... HTTP request sent, awaiting response... HTTP request sent, awaiting response... HTTP request sent, awaiting response... HTTP request sent, awaiting response... HTTP request sent, awaiting response... HTTP request sent, awaiting response... HTTP request sent, awaiting response... 200 OK
Length: 1357 (1.3K) [image/png]
Saving to: `icon_8.png'

     0K .                                                     100% 31.6M=0s

2013-07-30 14:47:34 (31.6 MB/s) - `icon_8.png' saved [1357/1357]

200 OK
Length: 1482 (1.4K) [image/png]
Saving to: `icon_13.png'
200 OK
Length: 1430 (1.4K) [image/png]
Saving to: `icon_9.png'

     0K .                        
     0K   .                                                      100%   35.3M =0s 

                      100% 45.5M=0s

2013-07-30 14:47:34 (35.3 MB/s) - `icon_13.png' saved [1482/1482]

2013-07-30 14:47:34 (45.5 MB/s) - `icon_9.png' saved [1430/1430]

200 OK
Length: 1546 (1.5K) [image/png]
Saving to: `icon_28.png'

     0K .                                                     100% 27.8M=0s

2013-07-30 14:47:34 (27.8 MB/s) - `icon_28.png' saved [1546/1546]

200 OK
Length: 1533 (1.5K) [image/png]
Saving to: `icon_10.png'

     0K .                                                     100%  144K=0.01s

2013-07-30 14:47:34 (144 KB/s) - `icon_10.png' saved [1533/1533]

200 OK
Length: 1519 (1.5K) [image/png]
Saving to: `icon_17.png'

     0K .                                                     100% 22.6M=0s

2013-07-30 14:47:34 (22.6 MB/s) - `icon_17.png' saved [1519/1519]

HTTP request sent, awaiting response... 200 OK
Length: 1506 (1.5K) [image/png]
Saving to: `icon_24.png'

     0K .                                                     100%  156K=0.009s

2013-07-30 14:47:34 (156 KB/s) - `icon_24.png' saved [1506/1506]

200 OK
Length: 1588 (1.6K) [image/png]
Saving to: `icon_23.png'

     0K .                                                     100% 18.7M=0s

2013-07-30 14:47:34 (18.7 MB/s) - `icon_23.png' saved [1588/1588]

200 OK
Length: 1482 (1.4K) [image/png]
Saving to: `icon_15.png'

     0K .                                                     100%  151K=0.01s

2013-07-30 14:47:34 (151 KB/s) - `icon_15.png' saved [1482/1482]

200 OK
Length: 1617 (1.6K) [image/png]
Saving to: `icon_22.png'

     0K .                                                     100% 15.0M=0s

2013-07-30 14:47:34 (15.0 MB/s) - `icon_22.png' saved [1617/1617]

200 OK
Length: 1478 (1.4K) [image/png]
Saving to: `icon_30.png'

     0K .                                                     100% 36.1M=0s

2013-07-30 14:47:34 (36.1 MB/s) - `icon_30.png' saved [1478/1478]

200 OK
Length: 1381 (1.3K) [image/png]
Saving to: `icon_19.png'

     0K .                                                     100% 28.6M=0s

2013-07-30 14:47:34 (28.6 MB/s) - `icon_19.png' saved [1381/1381]

200 OK
Length: 1381 (1.3K) [image/png]
Saving to: `icon_27.png'

     0K .                                                     100% 30.6M=0s

2013-07-30 14:47:34 (30.6 MB/s) - `icon_27.png' saved [1381/1381]

200 OK
Length: 1576 (1.5K) [image/png]
Saving to: `icon_2.png'

     0K .                                                     100% 36.7M=0s

2013-07-30 14:47:34 (36.7 MB/s) - `icon_2.png' saved [1576/1576]

200 OK
Length: 1478 (1.4K) [image/png]
Saving to: `icon_33.png'

     0K .                                                     100% 30.6M=0s

2013-07-30 14:47:34 (30.6 MB/s) - `icon_33.png' saved [1478/1478]

200 OK
Length: 1422 (1.4K) [image/png]
Saving to: `icon_5.png'

     0K .                                                     100% 50.2M=0s

2013-07-30 14:47:34 (50.2 MB/s) - `icon_5.png' saved [1422/1422]

200 OK
Length: 1421 (1.4K) [image/png]
Saving to: `icon_36.png'

     0K .                                                     100% 37.6M=0s

2013-07-30 14:47:34 (37.6 MB/s) - `icon_36.png' saved [1421/1421]

200 OK
Length: 1803 (1.8K) [image/png]
Saving to: `icon_37.png'

     0K .                                                     100% 33.7M=0s

2013-07-30 14:47:34 (33.7 MB/s) - `icon_37.png' saved [1803/1803]

HTTP request sent, awaiting response... HTTP request sent, awaiting response... HTTP request sent, awaiting response... HTTP request sent, awaiting response... HTTP request sent, awaiting response... 200 OK
Length: 1648 (1.6K) [image/png]
Saving to: `icon_51.png'

     0K .                                                     100% 24.9M=0s

2013-07-30 14:47:34 (24.9 MB/s) - `icon_51.png' saved [1648/1648]

HTTP request sent, awaiting response... HTTP request sent, awaiting response... 200 OK
Length: 1392 (1.4K) [image/png]
Saving to: `icon_44.png'

     0K .                                                     100% 20.4M=0s

2013-07-30 14:47:35 (20.4 MB/s) - `icon_44.png' saved [1392/1392]

HTTP request sent, awaiting response... HTTP request sent, awaiting response... HTTP request sent, awaiting response... HTTP request sent, awaiting response... 200 OK
Length: 1635 (1.6K) [image/png]
Saving to: `icon_48.png'

     0K .                                                     100% 14.6M=0s

2013-07-30 14:47:35 (14.6 MB/s) - `icon_48.png' saved [1635/1635]

HTTP request sent, awaiting response... HTTP request sent, awaiting response... HTTP request sent, awaiting response... HTTP request sent, awaiting response... HTTP request sent, awaiting response... HTTP request sent, awaiting response... HTTP request sent, awaiting response... 200 OK
Length: 1537 (1.5K) [image/png]
Saving to: `icon_26.png'

     0K .                                                     100% 30.5M=0s

2013-07-30 14:47:35 (30.5 MB/s) - `icon_26.png' saved [1537/1537]

200 OK
Length: 1393 (1.4K) [image/png]
Saving to: `icon_11.png'

     0K .                                                     100% 28.9M=0s

2013-07-30 14:47:35 (28.9 MB/s) - `icon_11.png' saved [1393/1393]

200 OK
Length: 1452 (1.4K) [image/png]
Saving to: `icon_20.png'

     0K .                                                     100%  144K=0.01s

2013-07-30 14:47:35 (144 KB/s) - `icon_20.png' saved [1452/1452]

200 OK
Length: 1627 (1.6K) [image/png]
Saving to: `icon_6.png'

     0K .                                                     100% 36.9M=0s

2013-07-30 14:47:35 (36.9 MB/s) - `icon_6.png' saved [1627/1627]

200 OK
Length: 1561 (1.5K) [image/png]
Saving to: `icon_1.png'

     0K .                                                     100% 33.8M=0s

2013-07-30 14:47:35 (33.8 MB/s) - `icon_1.png' saved [1561/1561]

200 OK
200 OK
Length: 1528Length: 1594 (1.5K) [image/png]
 (1.6K)Saving to: `icon_12.png'
 [image/png]
Saving to: `icon_32.png'

     0K .                                                     100% 13.4M=0s

2013-07-30 14:47:35 (13.4 MB/s) - `icon_12.png' saved [1528/1528]


     0K .                                                     100%  168K=0.009s

2013-07-30 14:47:35 (168 KB/s) - `icon_32.png' saved [1594/1594]

200 OK
Length: 1455 (1.4K) [image/png]
Saving to: `icon_4.png'

     0K .                                                     100% 13.5M=0s

2013-07-30 14:47:35 (13.5 MB/s) - `icon_4.png' saved [1455/1455]

200 OK
Length: 1499 (1.5K) [image/png]
Saving to: `icon_3.png'

     0K .                                                     100% 22.7M=0s

2013-07-30 14:47:35 (22.7 MB/s) - `icon_3.png' saved [1499/1499]

200 OK
Length: 1511 (1.5K) [image/png]
Saving to: `icon_25.png'

     0K .                                                     100% 30.7M=0s

2013-07-30 14:47:35 (30.7 MB/s) - `icon_25.png' saved [1511/1511]

200 OK
Length: 1450 (1.4K) [image/png]
Saving to: `icon_38.png'

     0K .                                                     100% 17.7M=0s

2013-07-30 14:47:35 (17.7 MB/s) - `icon_38.png' saved [1450/1450]

200 OK
Length: 1630 (1.6K) [image/png]
Saving to: `icon_14.png'

     0K .                                                     100% 22.5M=0s

2013-07-30 14:47:35 (22.5 MB/s) - `icon_14.png' saved [1630/1630]

200 OK
Length: 1527 (1.5K) [image/png]
Saving to: `icon_56.png'

     0K .                                                     100% 24.7M=0s

2013-07-30 14:47:35 (24.7 MB/s) - `icon_56.png' saved [1527/1527]

200 OK
Length: 1515 (1.5K) [image/png]
Saving to: `icon_39.png'

     0K .                                                     100% 31.4M=0s

2013-07-30 14:47:35 (31.4 MB/s) - `icon_39.png' saved [1515/1515]

200 OK
Length: 1434 (1.4K) [image/png]
Saving to: `icon_43.png'

     0K .                                                     100% 27.9M=0s

2013-07-30 14:47:35 (27.9 MB/s) - `icon_43.png' saved [1434/1434]

200 OK
Length: 1423 (1.4K) [image/png]
Saving to: `icon_7.png'

     0K .                                                     100% 33.1M=0s

2013-07-30 14:47:35 (33.1 MB/s) - `icon_7.png' saved [1423/1423]

200 OK
Length: 1542 (1.5K) [image/png]
Saving to: `icon_46.png'

     0K .                                                     100% 32.7M=0s

2013-07-30 14:47:35 (32.7 MB/s) - `icon_46.png' saved [1542/1542]

200 OK
Length: 1651 (1.6K) [image/png]
Saving to: `icon_16.png'

     0K .                                                     100% 30.3M=0s

2013-07-30 14:47:35 (30.3 MB/s) - `icon_16.png' saved [1651/1651]

200 OK
Length: 1633 (1.6K) [image/png]
Saving to: `icon_18.png'

     0K .                                                     100% 38.9M=0s

2013-07-30 14:47:35 (38.9 MB/s) - `icon_18.png' saved [1633/1633]

200 OK
Length: 1568 (1.5K) [image/png]
Saving to: `icon_53.png'

     0K .                                                     100% 37.4M=0s

2013-07-30 14:47:35 (37.4 MB/s) - `icon_53.png' saved [1568/1568]

200 OK
Length: 1538 (1.5K) [image/png]
Saving to: `icon_52.png'

     0K .                                                     100% 36.7M=0s

2013-07-30 14:47:35 (36.7 MB/s) - `icon_52.png' saved [1538/1538]

200 OK
Length: 1569 (1.5K) [image/png]
Saving to: `icon_29.png'

     0K .                                                     100% 26.3M=0s

2013-07-30 14:47:36 (26.3 MB/s) - `icon_29.png' saved [1569/1569]

200 OK
Length: 1551 (1.5K) [image/png]
200 OK
Saving to: `icon_54.png'
Length: 1413 (1.4K) [image/png]
Saving to: `icon_50.png'

     0K .              
     0K   .                                                                          100%   35.2M =0s 

            100% 44.9M=0s

2013-07-30 14:47:36 (44.9 MB/s) - `icon_50.png' saved [1413/1413]

2013-07-30 14:47:36 (35.2 MB/s) - `icon_54.png' saved [1551/1551]

200 OK
Length: 1561 (1.5K) [image/png]
Saving to: `icon_0.png'

     0K .                                                     100% 30.4M=0s

2013-07-30 14:47:36 (30.4 MB/s) - `icon_0.png' saved [1561/1561]

200 OK
Length: 1609 (1.6K) [image/png]
Saving to: `icon_40.png'

     0K .                                                     100% 32.6M=0s

2013-07-30 14:47:36 (32.6 MB/s) - `icon_40.png' saved [1609/1609]

200 OK
Length: 1587 (1.5K) [image/png]
Saving to: `icon_35.png'

     0K .                                                     100% 32.9M=0s

2013-07-30 14:47:36 (32.9 MB/s) - `icon_35.png' saved [1587/1587]

200 OK
Length: 1539 (1.5K) [image/png]
Saving to: `icon_21.png'

     0K .                                                     100% 12.7M=0s

2013-07-30 14:47:36 (12.7 MB/s) - `icon_21.png' saved [1539/1539]

200 OK
Length: 1583 (1.5K) [image/png]
Saving to: `icon_55.png'

     0K .                                                     100%  157K=0.01s

2013-07-30 14:47:36 (157 KB/s) - `icon_55.png' saved [1583/1583]

200 OK
Length: 1466200 OK
 (1.4K) [image/png]
Saving to: `icon_49.png'
Length: 1557 (1.5K) [image/png]
Saving to: `icon_31.png'

     0K .                
     0K   .                                                                       100%   20.9M =0s 

             100% 22.8M=0s

2013-07-30 14:47:36 (20.9 MB/s) - `icon_49.png' saved [1466/1466]

2013-07-30 14:47:36 (22.8 MB/s) - `icon_31.png' saved [1557/1557]

200 OK
Length: 1582 (1.5K) [image/png]
Saving to: `icon_42.png'

     0K .                                                     100% 22.5M=0s

2013-07-30 14:47:36 (22.5 MB/s) - `icon_42.png' saved [1582/1582]

200 OK
Length: 1645 (1.6K) [image/png]
Saving to: `icon_41.png'

     0K .                                                     100% 13.9M=0s

2013-07-30 14:47:36 (13.9 MB/s) - `icon_41.png' saved [1645/1645]

200 OK
Length: 1600 (1.6K) [image/png]
Saving to: `icon_45.png'

     0K .                                                     100% 18.8M=0s

2013-07-30 14:47:36 (18.8 MB/s) - `icon_45.png' saved [1600/1600]

200 OK
Length: 1602 (1.6K) [image/png]
Saving to: `icon_34.png'

     0K .                                                     100% 18.4M=0s

2013-07-30 14:47:36 (18.4 MB/s) - `icon_34.png' saved [1602/1602]

200 OK
Length: 1527 (1.5K) [image/png]
Saving to: `icon_47.png'

     0K .                                                     100% 19.2M=0s

2013-07-30 14:47:36 (19.2 MB/s) - `icon_47.png' saved [1527/1527]

